mode: atomic
github.com/rafaelcoelhox/labbend/cmd/server/main.go:14.13,18.16 3 0
github.com/rafaelcoelhox/labbend/cmd/server/main.go:18.16,20.3 1 0
github.com/rafaelcoelhox/labbend/cmd/server/main.go:23.2,31.12 5 0
github.com/rafaelcoelhox/labbend/cmd/server/main.go:31.12,32.48 1 0
github.com/rafaelcoelhox/labbend/cmd/server/main.go:32.48,35.4 2 0
github.com/rafaelcoelhox/labbend/cmd/server/main.go:39.2,51.12 7 0
github.com/rafaelcoelhox/labbend/cmd/server/main.go:51.12,52.44 1 0
github.com/rafaelcoelhox/labbend/cmd/server/main.go:52.44,54.4 1 0
github.com/rafaelcoelhox/labbend/cmd/server/main.go:55.3,55.14 1 0
github.com/rafaelcoelhox/labbend/cmd/server/main.go:59.2,59.9 1 0
github.com/rafaelcoelhox/labbend/cmd/server/main.go:60.14,61.59 1 0
github.com/rafaelcoelhox/labbend/cmd/server/main.go:62.28,63.56 1 0
github.com/rafaelcoelhox/labbend/internal/app/app.go:41.42,56.16 5 0
github.com/rafaelcoelhox/labbend/internal/app/app.go:56.16,58.3 1 0
github.com/rafaelcoelhox/labbend/internal/app/app.go:61.2,65.27 3 0
github.com/rafaelcoelhox/labbend/internal/app/app.go:65.27,67.3 1 0
github.com/rafaelcoelhox/labbend/internal/app/app.go:67.8,69.3 1 0
github.com/rafaelcoelhox/labbend/internal/app/app.go:71.2,78.16 2 0
github.com/rafaelcoelhox/labbend/internal/app/app.go:78.16,80.3 1 0
github.com/rafaelcoelhox/labbend/internal/app/app.go:83.2,105.16 8 0
github.com/rafaelcoelhox/labbend/internal/app/app.go:105.16,107.3 1 0
github.com/rafaelcoelhox/labbend/internal/app/app.go:110.2,134.8 6 0
github.com/rafaelcoelhox/labbend/internal/app/app.go:138.48,164.30 12 0
github.com/rafaelcoelhox/labbend/internal/app/app.go:164.30,166.3 1 0
github.com/rafaelcoelhox/labbend/internal/app/app.go:168.2,172.34 3 0
github.com/rafaelcoelhox/labbend/internal/app/app.go:172.34,185.3 5 0
github.com/rafaelcoelhox/labbend/internal/app/app.go:188.2,188.34 1 0
github.com/rafaelcoelhox/labbend/internal/app/app.go:188.34,189.16 1 0
github.com/rafaelcoelhox/labbend/internal/app/app.go:189.16,190.36 1 0
github.com/rafaelcoelhox/labbend/internal/app/app.go:190.36,198.5 3 0
github.com/rafaelcoelhox/labbend/internal/app/app.go:200.3,200.11 1 0
github.com/rafaelcoelhox/labbend/internal/app/app.go:204.2,204.34 1 0
github.com/rafaelcoelhox/labbend/internal/app/app.go:204.34,209.36 4 0
github.com/rafaelcoelhox/labbend/internal/app/app.go:209.36,212.4 2 0
github.com/rafaelcoelhox/labbend/internal/app/app.go:214.3,214.11 1 0
github.com/rafaelcoelhox/labbend/internal/app/app.go:218.2,227.2 7 0
github.com/rafaelcoelhox/labbend/internal/app/app.go:227.2,229.42 1 0
github.com/rafaelcoelhox/labbend/internal/app/app.go:229.42,233.18 3 0
github.com/rafaelcoelhox/labbend/internal/app/app.go:233.18,240.5 3 0
github.com/rafaelcoelhox/labbend/internal/app/app.go:242.4,245.32 2 0
github.com/rafaelcoelhox/labbend/internal/app/app.go:248.3,248.46 1 0
github.com/rafaelcoelhox/labbend/internal/app/app.go:248.46,253.18 4 0
github.com/rafaelcoelhox/labbend/internal/app/app.go:253.18,257.5 3 0
github.com/rafaelcoelhox/labbend/internal/app/app.go:258.4,259.31 2 0
github.com/rafaelcoelhox/labbend/internal/app/app.go:262.3,262.43 1 0
github.com/rafaelcoelhox/labbend/internal/app/app.go:262.43,264.51 2 0
github.com/rafaelcoelhox/labbend/internal/app/app.go:264.51,271.5 3 0
github.com/rafaelcoelhox/labbend/internal/app/app.go:273.4,275.18 3 0
github.com/rafaelcoelhox/labbend/internal/app/app.go:275.18,282.5 3 0
github.com/rafaelcoelhox/labbend/internal/app/app.go:284.4,289.36 3 0
github.com/rafaelcoelhox/labbend/internal/app/app.go:293.3,293.47 1 0
github.com/rafaelcoelhox/labbend/internal/app/app.go:293.47,296.18 3 0
github.com/rafaelcoelhox/labbend/internal/app/app.go:296.18,303.5 3 0
github.com/rafaelcoelhox/labbend/internal/app/app.go:305.4,308.37 2 0
github.com/rafaelcoelhox/labbend/internal/app/app.go:311.3,311.48 1 0
github.com/rafaelcoelhox/labbend/internal/app/app.go:311.48,313.51 2 0
github.com/rafaelcoelhox/labbend/internal/app/app.go:313.51,320.5 3 0
github.com/rafaelcoelhox/labbend/internal/app/app.go:322.4,324.18 3 0
github.com/rafaelcoelhox/labbend/internal/app/app.go:324.18,331.5 3 0
github.com/rafaelcoelhox/labbend/internal/app/app.go:333.4,339.41 3 0
github.com/rafaelcoelhox/labbend/internal/app/app.go:344.2,344.45 1 0
github.com/rafaelcoelhox/labbend/internal/app/app.go:344.45,347.3 2 0
github.com/rafaelcoelhox/labbend/internal/app/app.go:350.2,350.54 1 0
github.com/rafaelcoelhox/labbend/internal/app/app.go:350.54,355.17 3 0
github.com/rafaelcoelhox/labbend/internal/app/app.go:355.17,359.4 3 0
github.com/rafaelcoelhox/labbend/internal/app/app.go:362.3,378.5 2 0
github.com/rafaelcoelhox/labbend/internal/app/app.go:382.2,382.57 1 0
github.com/rafaelcoelhox/labbend/internal/app/app.go:382.57,384.17 2 0
github.com/rafaelcoelhox/labbend/internal/app/app.go:384.17,388.4 3 0
github.com/rafaelcoelhox/labbend/internal/app/app.go:390.3,390.31 1 0
github.com/rafaelcoelhox/labbend/internal/app/app.go:394.2,394.60 1 0
github.com/rafaelcoelhox/labbend/internal/app/app.go:394.60,395.87 1 0
github.com/rafaelcoelhox/labbend/internal/app/app.go:395.87,399.4 3 0
github.com/rafaelcoelhox/labbend/internal/app/app.go:401.3,401.73 1 0
github.com/rafaelcoelhox/labbend/internal/app/app.go:405.2,405.50 1 0
github.com/rafaelcoelhox/labbend/internal/app/app.go:405.50,409.38 3 0
github.com/rafaelcoelhox/labbend/internal/app/app.go:409.38,415.4 1 0
github.com/rafaelcoelhox/labbend/internal/app/app.go:417.3,420.5 1 0
github.com/rafaelcoelhox/labbend/internal/app/app.go:424.2,427.51 2 0
github.com/rafaelcoelhox/labbend/internal/app/app.go:427.51,439.3 2 0
github.com/rafaelcoelhox/labbend/internal/app/app.go:442.2,458.79 3 0
github.com/rafaelcoelhox/labbend/internal/app/app.go:458.79,460.3 1 0
github.com/rafaelcoelhox/labbend/internal/app/app.go:462.2,462.12 1 0
github.com/rafaelcoelhox/labbend/internal/app/app.go:466.28,474.2 4 0
github.com/rafaelcoelhox/labbend/internal/app/config.go:42.26,73.2 1 0
github.com/rafaelcoelhox/labbend/internal/app/config.go:76.42,77.42 1 0
github.com/rafaelcoelhox/labbend/internal/app/config.go:77.42,79.3 1 0
github.com/rafaelcoelhox/labbend/internal/app/config.go:80.2,80.17 1 0
github.com/rafaelcoelhox/labbend/internal/app/config.go:83.46,84.42 1 0
github.com/rafaelcoelhox/labbend/internal/app/config.go:84.42,85.53 1 0
github.com/rafaelcoelhox/labbend/internal/app/config.go:85.53,87.4 1 0
github.com/rafaelcoelhox/labbend/internal/app/config.go:89.2,89.17 1 0
github.com/rafaelcoelhox/labbend/internal/app/config.go:92.49,93.42 1 0
github.com/rafaelcoelhox/labbend/internal/app/config.go:93.42,94.59 1 0
github.com/rafaelcoelhox/labbend/internal/app/config.go:94.59,96.4 1 0
github.com/rafaelcoelhox/labbend/internal/app/config.go:98.2,98.17 1 0
github.com/rafaelcoelhox/labbend/internal/app/config.go:101.71,102.42 1 0
github.com/rafaelcoelhox/labbend/internal/app/config.go:102.42,103.61 1 0
github.com/rafaelcoelhox/labbend/internal/app/config.go:103.61,105.4 1 0
github.com/rafaelcoelhox/labbend/internal/app/config.go:107.2,107.17 1 0
github.com/rafaelcoelhox/labbend/internal/app/config.go:111.37,113.2 1 0
github.com/rafaelcoelhox/labbend/internal/app/config.go:116.38,118.2 1 0
github.com/rafaelcoelhox/labbend/internal/app/config.go:121.52,130.2 1 0
github.com/rafaelcoelhox/labbend/internal/core/errors/errors.go:24.34,25.18 1 0
github.com/rafaelcoelhox/labbend/internal/core/errors/errors.go:25.18,27.3 1 0
github.com/rafaelcoelhox/labbend/internal/core/errors/errors.go:28.2,28.18 1 0
github.com/rafaelcoelhox/labbend/internal/core/errors/errors.go:31.34,33.2 1 0
github.com/rafaelcoelhox/labbend/internal/core/errors/errors.go:35.52,41.2 1 0
github.com/rafaelcoelhox/labbend/internal/core/errors/errors.go:43.74,49.2 1 0
github.com/rafaelcoelhox/labbend/internal/core/errors/errors.go:51.37,57.2 1 0
github.com/rafaelcoelhox/labbend/internal/core/errors/errors.go:59.32,65.2 1 0
github.com/rafaelcoelhox/labbend/internal/core/errors/errors.go:68.40,70.2 1 0
github.com/rafaelcoelhox/labbend/internal/core/errors/errors.go:73.33,75.2 1 0
github.com/rafaelcoelhox/labbend/internal/core/database/database.go:19.39,27.2 1 0
github.com/rafaelcoelhox/labbend/internal/core/database/database.go:29.47,33.16 2 0
github.com/rafaelcoelhox/labbend/internal/core/database/database.go:33.16,35.3 1 0
github.com/rafaelcoelhox/labbend/internal/core/database/database.go:37.2,38.16 2 0
github.com/rafaelcoelhox/labbend/internal/core/database/database.go:38.16,40.3 1 0
github.com/rafaelcoelhox/labbend/internal/core/database/database.go:42.2,46.16 4 0
github.com/rafaelcoelhox/labbend/internal/core/database/database.go:49.60,51.2 1 0
github.com/rafaelcoelhox/labbend/internal/core/database/transaction.go:16.43,18.2 1 0
github.com/rafaelcoelhox/labbend/internal/core/database/transaction.go:21.93,23.21 2 0
github.com/rafaelcoelhox/labbend/internal/core/database/transaction.go:23.21,25.3 1 0
github.com/rafaelcoelhox/labbend/internal/core/database/transaction.go:27.2,27.15 1 0
github.com/rafaelcoelhox/labbend/internal/core/database/transaction.go:27.15,28.31 1 0
github.com/rafaelcoelhox/labbend/internal/core/database/transaction.go:28.31,30.12 2 0
github.com/rafaelcoelhox/labbend/internal/core/database/transaction.go:34.2,34.31 1 0
github.com/rafaelcoelhox/labbend/internal/core/database/transaction.go:34.31,35.49 1 0
github.com/rafaelcoelhox/labbend/internal/core/database/transaction.go:35.49,37.4 1 0
github.com/rafaelcoelhox/labbend/internal/core/database/transaction.go:38.3,38.13 1 0
github.com/rafaelcoelhox/labbend/internal/core/database/transaction.go:41.2,41.42 1 0
github.com/rafaelcoelhox/labbend/internal/core/database/transaction.go:41.42,43.3 1 0
github.com/rafaelcoelhox/labbend/internal/core/database/transaction.go:45.2,45.12 1 0
github.com/rafaelcoelhox/labbend/internal/core/database/transaction.go:49.129,51.57 2 0
github.com/rafaelcoelhox/labbend/internal/core/database/transaction.go:51.57,55.3 3 0
github.com/rafaelcoelhox/labbend/internal/core/database/transaction.go:56.2,56.20 1 0
github.com/rafaelcoelhox/labbend/internal/core/health/health.go:42.28,47.2 1 0
github.com/rafaelcoelhox/labbend/internal/core/health/health.go:49.58,51.2 1 0
github.com/rafaelcoelhox/labbend/internal/core/health/health.go:53.57,57.40 3 0
github.com/rafaelcoelhox/labbend/internal/core/health/health.go:57.40,61.38 3 0
github.com/rafaelcoelhox/labbend/internal/core/health/health.go:61.38,63.4 1 0
github.com/rafaelcoelhox/labbend/internal/core/health/health.go:63.9,63.78 1 0
github.com/rafaelcoelhox/labbend/internal/core/health/health.go:63.78,65.4 1 0
github.com/rafaelcoelhox/labbend/internal/core/health/health.go:68.2,73.3 1 0
github.com/rafaelcoelhox/labbend/internal/core/health/health.go:80.55,82.2 1 0
github.com/rafaelcoelhox/labbend/internal/core/health/health.go:84.61,95.16 6 0
github.com/rafaelcoelhox/labbend/internal/core/health/health.go:95.16,100.3 4 0
github.com/rafaelcoelhox/labbend/internal/core/health/health.go:102.2,102.47 1 0
github.com/rafaelcoelhox/labbend/internal/core/health/health.go:102.47,107.3 4 0
github.com/rafaelcoelhox/labbend/internal/core/health/health.go:109.2,112.55 3 0
github.com/rafaelcoelhox/labbend/internal/core/health/health.go:112.55,116.3 3 0
github.com/rafaelcoelhox/labbend/internal/core/health/health.go:118.2,120.14 3 0
github.com/rafaelcoelhox/labbend/internal/core/health/health.go:125.40,127.2 1 0
github.com/rafaelcoelhox/labbend/internal/core/health/health.go:129.59,141.2 3 0
github.com/rafaelcoelhox/labbend/internal/core/health/health.go:147.64,149.2 1 0
github.com/rafaelcoelhox/labbend/internal/core/health/health.go:151.61,163.2 3 0
github.com/rafaelcoelhox/labbend/internal/core/eventbus/eventbus.go:37.42,45.2 2 0
github.com/rafaelcoelhox/labbend/internal/core/eventbus/eventbus.go:48.71,56.2 4 0
github.com/rafaelcoelhox/labbend/internal/core/eventbus/eventbus.go:59.42,65.24 5 0
github.com/rafaelcoelhox/labbend/internal/core/eventbus/eventbus.go:65.24,68.3 2 0
github.com/rafaelcoelhox/labbend/internal/core/eventbus/eventbus.go:70.2,76.35 2 0
github.com/rafaelcoelhox/labbend/internal/core/eventbus/eventbus.go:76.35,78.27 2 0
github.com/rafaelcoelhox/labbend/internal/core/eventbus/eventbus.go:78.27,84.52 4 0
github.com/rafaelcoelhox/labbend/internal/core/eventbus/eventbus.go:84.52,89.5 1 0
github.com/rafaelcoelhox/labbend/internal/core/eventbus/eventbus.go:95.32,102.12 4 0
github.com/rafaelcoelhox/labbend/internal/core/eventbus/eventbus.go:102.12,105.3 2 0
github.com/rafaelcoelhox/labbend/internal/core/eventbus/eventbus.go:107.2,107.9 1 0
github.com/rafaelcoelhox/labbend/internal/core/eventbus/eventbus.go:108.14,109.48 1 0
github.com/rafaelcoelhox/labbend/internal/core/eventbus/eventbus.go:110.38,111.49 1 0
github.com/rafaelcoelhox/labbend/internal/core/eventbus/eventbus.go:116.50,118.2 1 0
github.com/rafaelcoelhox/labbend/internal/core/eventbus/transactional.go:35.39,37.2 1 0
github.com/rafaelcoelhox/labbend/internal/core/eventbus/transactional.go:45.57,47.2 1 0
github.com/rafaelcoelhox/labbend/internal/core/eventbus/transactional.go:50.133,52.16 2 0
github.com/rafaelcoelhox/labbend/internal/core/eventbus/transactional.go:52.16,54.3 1 0
github.com/rafaelcoelhox/labbend/internal/core/eventbus/transactional.go:56.2,64.64 2 0
github.com/rafaelcoelhox/labbend/internal/core/eventbus/transactional.go:64.64,66.3 1 0
github.com/rafaelcoelhox/labbend/internal/core/eventbus/transactional.go:68.2,68.12 1 0
github.com/rafaelcoelhox/labbend/internal/core/eventbus/transactional.go:72.101,80.16 3 0
github.com/rafaelcoelhox/labbend/internal/core/eventbus/transactional.go:80.16,82.3 1 0
github.com/rafaelcoelhox/labbend/internal/core/eventbus/transactional.go:84.2,84.20 1 0
github.com/rafaelcoelhox/labbend/internal/core/eventbus/transactional.go:88.85,98.16 3 0
github.com/rafaelcoelhox/labbend/internal/core/eventbus/transactional.go:98.16,100.3 1 0
github.com/rafaelcoelhox/labbend/internal/core/eventbus/transactional.go:102.2,102.12 1 0
github.com/rafaelcoelhox/labbend/internal/core/eventbus/transactional.go:106.99,116.16 2 0
github.com/rafaelcoelhox/labbend/internal/core/eventbus/transactional.go:116.16,118.3 1 0
github.com/rafaelcoelhox/labbend/internal/core/eventbus/transactional.go:120.2,120.12 1 0
github.com/rafaelcoelhox/labbend/internal/core/eventbus/transactional.go:124.100,132.16 3 0
github.com/rafaelcoelhox/labbend/internal/core/eventbus/transactional.go:132.16,134.3 1 0
github.com/rafaelcoelhox/labbend/internal/core/eventbus/transactional.go:136.2,136.20 1 0
github.com/rafaelcoelhox/labbend/internal/core/eventbus/transactional.go:147.126,153.2 1 0
github.com/rafaelcoelhox/labbend/internal/core/eventbus/transactional.go:156.102,162.102 2 0
github.com/rafaelcoelhox/labbend/internal/core/eventbus/transactional.go:162.102,168.3 2 0
github.com/rafaelcoelhox/labbend/internal/core/eventbus/transactional.go:170.2,174.12 2 0
github.com/rafaelcoelhox/labbend/internal/core/eventbus/transactional.go:178.82,182.16 3 0
github.com/rafaelcoelhox/labbend/internal/core/eventbus/transactional.go:182.16,184.3 1 0
github.com/rafaelcoelhox/labbend/internal/core/eventbus/transactional.go:186.2,186.31 1 0
github.com/rafaelcoelhox/labbend/internal/core/eventbus/transactional.go:186.31,187.54 1 0
github.com/rafaelcoelhox/labbend/internal/core/eventbus/transactional.go:187.54,194.4 2 0
github.com/rafaelcoelhox/labbend/internal/core/eventbus/transactional.go:194.9,196.4 1 0
github.com/rafaelcoelhox/labbend/internal/core/eventbus/transactional.go:199.2,199.12 1 0
github.com/rafaelcoelhox/labbend/internal/core/eventbus/transactional.go:203.101,206.74 2 0
github.com/rafaelcoelhox/labbend/internal/core/eventbus/transactional.go:206.74,208.3 1 0
github.com/rafaelcoelhox/labbend/internal/core/eventbus/transactional.go:210.2,224.12 4 0
github.com/rafaelcoelhox/labbend/internal/core/eventbus/transactional.go:228.82,232.16 3 0
github.com/rafaelcoelhox/labbend/internal/core/eventbus/transactional.go:232.16,234.3 1 0
github.com/rafaelcoelhox/labbend/internal/core/eventbus/transactional.go:236.2,236.31 1 0
github.com/rafaelcoelhox/labbend/internal/core/eventbus/transactional.go:236.31,242.54 2 0
github.com/rafaelcoelhox/labbend/internal/core/eventbus/transactional.go:242.54,244.4 1 0
github.com/rafaelcoelhox/labbend/internal/core/eventbus/transactional.go:244.9,246.4 1 0
github.com/rafaelcoelhox/labbend/internal/core/eventbus/transactional.go:249.2,249.12 1 0
github.com/rafaelcoelhox/labbend/internal/core/eventbus/transactional.go:253.81,264.6 6 0
github.com/rafaelcoelhox/labbend/internal/core/eventbus/transactional.go:264.6,265.10 1 0
github.com/rafaelcoelhox/labbend/internal/core/eventbus/transactional.go:266.21,268.10 2 0
github.com/rafaelcoelhox/labbend/internal/core/eventbus/transactional.go:270.26,271.55 1 0
github.com/rafaelcoelhox/labbend/internal/core/eventbus/transactional.go:271.55,273.5 1 0
github.com/rafaelcoelhox/labbend/internal/core/eventbus/transactional.go:275.25,276.55 1 0
github.com/rafaelcoelhox/labbend/internal/core/eventbus/transactional.go:276.55,278.5 1 0
github.com/rafaelcoelhox/labbend/internal/core/eventbus/transactional.go:284.65,286.2 1 0
github.com/rafaelcoelhox/labbend/internal/core/eventbus/transactional.go:289.93,291.16 2 0
github.com/rafaelcoelhox/labbend/internal/core/eventbus/transactional.go:291.16,293.3 1 0
github.com/rafaelcoelhox/labbend/internal/core/eventbus/transactional.go:295.2,296.16 2 0
github.com/rafaelcoelhox/labbend/internal/core/eventbus/transactional.go:296.16,298.3 1 0
github.com/rafaelcoelhox/labbend/internal/core/eventbus/transactional.go:300.2,303.8 1 0
github.com/rafaelcoelhox/labbend/internal/core/eventbus/transactional.go:320.123,326.2 1 0
github.com/rafaelcoelhox/labbend/internal/core/eventbus/transactional.go:329.54,331.2 1 0
github.com/rafaelcoelhox/labbend/internal/core/eventbus/transactional.go:334.71,336.2 1 0
github.com/rafaelcoelhox/labbend/internal/core/eventbus/transactional.go:339.59,341.2 1 0
github.com/rafaelcoelhox/labbend/internal/core/eventbus/transactional.go:344.96,346.2 1 0
github.com/rafaelcoelhox/labbend/internal/core/eventbus/transactional.go:349.56,356.2 3 0
github.com/rafaelcoelhox/labbend/internal/core/eventbus/transactional.go:359.40,369.2 4 0
github.com/rafaelcoelhox/labbend/internal/core/saga/saga.go:30.55,37.2 1 0
github.com/rafaelcoelhox/labbend/internal/core/saga/saga.go:40.39,42.2 1 0
github.com/rafaelcoelhox/labbend/internal/core/saga/saga.go:45.51,50.31 2 0
github.com/rafaelcoelhox/labbend/internal/core/saga/saga.go:50.31,51.19 1 0
github.com/rafaelcoelhox/labbend/internal/core/saga/saga.go:51.19,55.9 2 0
github.com/rafaelcoelhox/labbend/internal/core/saga/saga.go:58.3,64.43 2 0
github.com/rafaelcoelhox/labbend/internal/core/saga/saga.go:64.43,72.68 2 0
github.com/rafaelcoelhox/labbend/internal/core/saga/saga.go:72.68,77.5 2 0
github.com/rafaelcoelhox/labbend/internal/core/saga/saga.go:79.4,79.59 1 0
github.com/rafaelcoelhox/labbend/internal/core/saga/saga.go:82.3,86.29 2 0
github.com/rafaelcoelhox/labbend/internal/core/saga/saga.go:89.2,93.12 2 0
github.com/rafaelcoelhox/labbend/internal/core/saga/saga.go:97.23,99.2 1 0
github.com/rafaelcoelhox/labbend/internal/core/saga/saga.go:102.54,108.44 2 0
github.com/rafaelcoelhox/labbend/internal/core/saga/saga.go:108.44,112.29 3 0
github.com/rafaelcoelhox/labbend/internal/core/saga/saga.go:112.29,117.12 2 0
github.com/rafaelcoelhox/labbend/internal/core/saga/saga.go:120.3,125.46 2 0
github.com/rafaelcoelhox/labbend/internal/core/saga/saga.go:125.46,132.4 2 0
github.com/rafaelcoelhox/labbend/internal/core/saga/saga.go:134.3,137.37 1 0
github.com/rafaelcoelhox/labbend/internal/core/saga/saga.go:140.2,143.12 2 0
github.com/rafaelcoelhox/labbend/internal/core/saga/saga.go:147.39,149.2 1 0
github.com/rafaelcoelhox/labbend/internal/core/saga/saga.go:152.36,154.2 1 0
github.com/rafaelcoelhox/labbend/internal/core/saga/saga.go:157.38,158.23 1 0
github.com/rafaelcoelhox/labbend/internal/core/saga/saga.go:158.23,160.3 1 0
github.com/rafaelcoelhox/labbend/internal/core/saga/saga.go:161.2,161.57 1 0
github.com/rafaelcoelhox/labbend/internal/core/saga/saga.go:170.69,174.2 1 0
github.com/rafaelcoelhox/labbend/internal/core/saga/saga.go:177.68,185.2 1 0
github.com/rafaelcoelhox/labbend/internal/core/saga/saga.go:188.38,190.2 1 0
github.com/rafaelcoelhox/labbend/internal/core/saga/saga.go:199.81,202.2 2 0
github.com/rafaelcoelhox/labbend/internal/core/saga/saga.go:205.84,208.2 2 0
github.com/rafaelcoelhox/labbend/internal/core/saga/saga.go:211.43,214.2 2 0
github.com/rafaelcoelhox/labbend/internal/core/saga/saga.go:223.56,228.2 1 0
github.com/rafaelcoelhox/labbend/internal/core/saga/saga.go:231.75,240.15 4 0
github.com/rafaelcoelhox/labbend/internal/core/saga/saga.go:240.15,245.3 2 0
github.com/rafaelcoelhox/labbend/internal/core/saga/saga.go:247.2,247.26 1 0
github.com/rafaelcoelhox/labbend/internal/core/saga/saga.go:251.59,253.2 1 0
github.com/rafaelcoelhox/labbend/internal/core/monitoring/monitoring.go:76.52,150.2 18 0
github.com/rafaelcoelhox/labbend/internal/core/monitoring/monitoring.go:153.46,160.12 4 0
github.com/rafaelcoelhox/labbend/internal/core/monitoring/monitoring.go:160.12,161.7 1 0
github.com/rafaelcoelhox/labbend/internal/core/monitoring/monitoring.go:161.7,162.11 1 0
github.com/rafaelcoelhox/labbend/internal/core/monitoring/monitoring.go:163.22,165.11 2 0
github.com/rafaelcoelhox/labbend/internal/core/monitoring/monitoring.go:166.20,169.29 3 0
github.com/rafaelcoelhox/labbend/internal/core/monitoring/monitoring.go:176.36,185.54 5 0
github.com/rafaelcoelhox/labbend/internal/core/monitoring/monitoring.go:185.54,190.3 1 0
github.com/rafaelcoelhox/labbend/internal/core/monitoring/monitoring.go:193.2,205.3 4 0
github.com/rafaelcoelhox/labbend/internal/core/monitoring/monitoring.go:209.33,215.18 4 0
github.com/rafaelcoelhox/labbend/internal/core/monitoring/monitoring.go:215.18,222.3 2 0
github.com/rafaelcoelhox/labbend/internal/core/monitoring/monitoring.go:225.2,225.34 1 0
github.com/rafaelcoelhox/labbend/internal/core/monitoring/monitoring.go:229.42,233.34 3 0
github.com/rafaelcoelhox/labbend/internal/core/monitoring/monitoring.go:233.34,241.3 3 0
github.com/rafaelcoelhox/labbend/internal/core/monitoring/monitoring.go:245.51,256.2 3 0
github.com/rafaelcoelhox/labbend/internal/core/monitoring/monitoring.go:259.47,263.63 3 0
github.com/rafaelcoelhox/labbend/internal/core/monitoring/monitoring.go:263.63,266.3 2 0
github.com/rafaelcoelhox/labbend/internal/core/monitoring/monitoring.go:270.73,285.50 6 0
github.com/rafaelcoelhox/labbend/internal/core/monitoring/monitoring.go:285.50,287.3 1 0
github.com/rafaelcoelhox/labbend/internal/core/monitoring/monitoring.go:290.2,290.32 1 0
github.com/rafaelcoelhox/labbend/internal/core/monitoring/monitoring.go:294.55,296.23 2 0
github.com/rafaelcoelhox/labbend/internal/core/monitoring/monitoring.go:296.23,298.3 1 0
github.com/rafaelcoelhox/labbend/internal/core/monitoring/monitoring.go:301.2,304.34 3 0
github.com/rafaelcoelhox/labbend/internal/core/monitoring/monitoring.go:304.34,305.37 1 0
github.com/rafaelcoelhox/labbend/internal/core/monitoring/monitoring.go:305.37,307.4 1 0
github.com/rafaelcoelhox/labbend/internal/core/monitoring/monitoring.go:311.2,311.43 1 0
github.com/rafaelcoelhox/labbend/internal/core/monitoring/monitoring.go:311.43,312.48 1 0
github.com/rafaelcoelhox/labbend/internal/core/monitoring/monitoring.go:312.48,315.66 2 0
github.com/rafaelcoelhox/labbend/internal/core/monitoring/monitoring.go:315.66,327.5 3 0
github.com/rafaelcoelhox/labbend/internal/core/monitoring/monitoring.go:333.43,340.38 5 0
github.com/rafaelcoelhox/labbend/internal/core/monitoring/monitoring.go:340.38,341.66 1 0
github.com/rafaelcoelhox/labbend/internal/core/monitoring/monitoring.go:341.66,349.4 2 0
github.com/rafaelcoelhox/labbend/internal/core/monitoring/monitoring.go:352.2,352.21 1 0
github.com/rafaelcoelhox/labbend/internal/core/monitoring/monitoring.go:352.21,357.3 1 0
github.com/rafaelcoelhox/labbend/internal/core/monitoring/monitoring.go:361.29,364.2 1 0
github.com/rafaelcoelhox/labbend/internal/core/monitoring/monitoring.go:367.51,380.2 7 0
github.com/rafaelcoelhox/labbend/internal/core/monitoring/monitoring.go:383.53,398.54 6 0
github.com/rafaelcoelhox/labbend/internal/core/monitoring/monitoring.go:398.54,399.82 1 0
github.com/rafaelcoelhox/labbend/internal/core/monitoring/monitoring.go:399.82,407.4 1 0
github.com/rafaelcoelhox/labbend/internal/core/monitoring/monitoring.go:410.2,411.30 2 0
github.com/rafaelcoelhox/labbend/internal/core/monitoring/monitoring.go:415.48,433.2 4 0
github.com/rafaelcoelhox/labbend/internal/core/monitoring/monitoring.go:436.46,454.2 4 0
github.com/rafaelcoelhox/labbend/internal/core/monitoring/monitoring.go:457.48,467.2 4 0
github.com/rafaelcoelhox/labbend/internal/core/monitoring/monitoring.go:470.43,490.2 8 0
github.com/rafaelcoelhox/labbend/internal/core/monitoring/monitoring.go:493.54,495.2 1 0
github.com/rafaelcoelhox/labbend/internal/app/graph/generated.go:25.63,32.2 1 0
github.com/rafaelcoelhox/labbend/internal/app/graph/generated.go:176.49,177.21 1 0
github.com/rafaelcoelhox/labbend/internal/app/graph/generated.go:177.21,179.3 1 0
github.com/rafaelcoelhox/labbend/internal/app/graph/generated.go:180.2,180.21 1 0
github.com/rafaelcoelhox/labbend/internal/app/graph/generated.go:183.128,186.32 3 0
github.com/rafaelcoelhox/labbend/internal/app/graph/generated.go:188.29,189.46 1 0
github.com/rafaelcoelhox/labbend/internal/app/graph/generated.go:189.46,190.9 1 0
github.com/rafaelcoelhox/labbend/internal/app/graph/generated.go:193.3,193.65 1 0
github.com/rafaelcoelhox/labbend/internal/app/graph/generated.go:195.31,196.48 1 0
github.com/rafaelcoelhox/labbend/internal/app/graph/generated.go:196.48,197.9 1 0
github.com/rafaelcoelhox/labbend/internal/app/graph/generated.go:200.3,200.67 1 0
github.com/rafaelcoelhox/labbend/internal/app/graph/generated.go:202.22,203.39 1 0
github.com/rafaelcoelhox/labbend/internal/app/graph/generated.go:203.39,204.9 1 0
github.com/rafaelcoelhox/labbend/internal/app/graph/generated.go:207.3,207.58 1 0
github.com/rafaelcoelhox/labbend/internal/app/graph/generated.go:209.26,210.43 1 0
github.com/rafaelcoelhox/labbend/internal/app/graph/generated.go:210.43,211.9 1 0
github.com/rafaelcoelhox/labbend/internal/app/graph/generated.go:214.3,214.62 1 0
github.com/rafaelcoelhox/labbend/internal/app/graph/generated.go:216.25,217.42 1 0
github.com/rafaelcoelhox/labbend/internal/app/graph/generated.go:217.42,218.9 1 0
github.com/rafaelcoelhox/labbend/internal/app/graph/generated.go:221.3,221.61 1 0
github.com/rafaelcoelhox/labbend/internal/app/graph/generated.go:223.29,224.46 1 0
github.com/rafaelcoelhox/labbend/internal/app/graph/generated.go:224.46,225.9 1 0
github.com/rafaelcoelhox/labbend/internal/app/graph/generated.go:228.3,228.65 1 0
github.com/rafaelcoelhox/labbend/internal/app/graph/generated.go:230.28,231.45 1 0
github.com/rafaelcoelhox/labbend/internal/app/graph/generated.go:231.45,232.9 1 0
github.com/rafaelcoelhox/labbend/internal/app/graph/generated.go:235.3,235.64 1 0
github.com/rafaelcoelhox/labbend/internal/app/graph/generated.go:237.41,238.58 1 0
github.com/rafaelcoelhox/labbend/internal/app/graph/generated.go:238.58,239.9 1 0
github.com/rafaelcoelhox/labbend/internal/app/graph/generated.go:242.3,242.77 1 0
github.com/rafaelcoelhox/labbend/internal/app/graph/generated.go:244.39,245.56 1 0
github.com/rafaelcoelhox/labbend/internal/app/graph/generated.go:245.56,246.9 1 0
github.com/rafaelcoelhox/labbend/internal/app/graph/generated.go:249.3,249.75 1 0
github.com/rafaelcoelhox/labbend/internal/app/graph/generated.go:251.32,252.49 1 0
github.com/rafaelcoelhox/labbend/internal/app/graph/generated.go:252.49,253.9 1 0
github.com/rafaelcoelhox/labbend/internal/app/graph/generated.go:256.3,256.68 1 0
github.com/rafaelcoelhox/labbend/internal/app/graph/generated.go:258.38,259.55 1 0
github.com/rafaelcoelhox/labbend/internal/app/graph/generated.go:259.55,260.9 1 0
github.com/rafaelcoelhox/labbend/internal/app/graph/generated.go:263.3,263.74 1 0
github.com/rafaelcoelhox/labbend/internal/app/graph/generated.go:265.36,266.53 1 0
github.com/rafaelcoelhox/labbend/internal/app/graph/generated.go:266.53,267.9 1 0
github.com/rafaelcoelhox/labbend/internal/app/graph/generated.go:270.3,270.72 1 0
github.com/rafaelcoelhox/labbend/internal/app/graph/generated.go:272.36,273.53 1 0
github.com/rafaelcoelhox/labbend/internal/app/graph/generated.go:273.53,274.9 1 0
github.com/rafaelcoelhox/labbend/internal/app/graph/generated.go:277.3,277.72 1 0
github.com/rafaelcoelhox/labbend/internal/app/graph/generated.go:279.32,280.49 1 0
github.com/rafaelcoelhox/labbend/internal/app/graph/generated.go:280.49,281.9 1 0
github.com/rafaelcoelhox/labbend/internal/app/graph/generated.go:284.3,284.68 1 0
github.com/rafaelcoelhox/labbend/internal/app/graph/generated.go:286.33,287.50 1 0
github.com/rafaelcoelhox/labbend/internal/app/graph/generated.go:287.50,288.9 1 0
github.com/rafaelcoelhox/labbend/internal/app/graph/generated.go:291.3,291.69 1 0
github.com/rafaelcoelhox/labbend/internal/app/graph/generated.go:293.26,294.43 1 0
github.com/rafaelcoelhox/labbend/internal/app/graph/generated.go:294.43,295.9 1 0
github.com/rafaelcoelhox/labbend/internal/app/graph/generated.go:298.3,298.62 1 0
github.com/rafaelcoelhox/labbend/internal/app/graph/generated.go:300.31,301.48 1 0
github.com/rafaelcoelhox/labbend/internal/app/graph/generated.go:301.48,302.9 1 0
github.com/rafaelcoelhox/labbend/internal/app/graph/generated.go:305.3,305.67 1 0
github.com/rafaelcoelhox/labbend/internal/app/graph/generated.go:307.36,308.53 1 0
github.com/rafaelcoelhox/labbend/internal/app/graph/generated.go:308.53,309.9 1 0
github.com/rafaelcoelhox/labbend/internal/app/graph/generated.go:312.3,312.72 1 0
github.com/rafaelcoelhox/labbend/internal/app/graph/generated.go:314.33,315.50 1 0
github.com/rafaelcoelhox/labbend/internal/app/graph/generated.go:315.50,316.9 1 0
github.com/rafaelcoelhox/labbend/internal/app/graph/generated.go:319.3,319.69 1 0
github.com/rafaelcoelhox/labbend/internal/app/graph/generated.go:321.30,322.47 1 0
github.com/rafaelcoelhox/labbend/internal/app/graph/generated.go:322.47,323.9 1 0
github.com/rafaelcoelhox/labbend/internal/app/graph/generated.go:326.3,326.66 1 0
github.com/rafaelcoelhox/labbend/internal/app/graph/generated.go:328.34,329.51 1 0
github.com/rafaelcoelhox/labbend/internal/app/graph/generated.go:329.51,330.9 1 0
github.com/rafaelcoelhox/labbend/internal/app/graph/generated.go:333.3,334.17 2 0
github.com/rafaelcoelhox/labbend/internal/app/graph/generated.go:334.17,336.4 1 0
github.com/rafaelcoelhox/labbend/internal/app/graph/generated.go:338.3,338.119 1 0
github.com/rafaelcoelhox/labbend/internal/app/graph/generated.go:340.29,341.46 1 0
github.com/rafaelcoelhox/labbend/internal/app/graph/generated.go:341.46,342.9 1 0
github.com/rafaelcoelhox/labbend/internal/app/graph/generated.go:345.3,346.17 2 0
github.com/rafaelcoelhox/labbend/internal/app/graph/generated.go:346.17,348.4 1 0
github.com/rafaelcoelhox/labbend/internal/app/graph/generated.go:350.3,350.104 1 0
github.com/rafaelcoelhox/labbend/internal/app/graph/generated.go:352.29,353.46 1 0
github.com/rafaelcoelhox/labbend/internal/app/graph/generated.go:353.46,354.9 1 0
github.com/rafaelcoelhox/labbend/internal/app/graph/generated.go:357.3,358.17 2 0
github.com/rafaelcoelhox/labbend/internal/app/graph/generated.go:358.17,360.4 1 0
github.com/rafaelcoelhox/labbend/internal/app/graph/generated.go:362.3,362.86 1 0
github.com/rafaelcoelhox/labbend/internal/app/graph/generated.go:364.34,365.51 1 0
github.com/rafaelcoelhox/labbend/internal/app/graph/generated.go:365.51,366.9 1 0
github.com/rafaelcoelhox/labbend/internal/app/graph/generated.go:369.3,370.17 2 0
github.com/rafaelcoelhox/labbend/internal/app/graph/generated.go:370.17,372.4 1 0
github.com/rafaelcoelhox/labbend/internal/app/graph/generated.go:374.3,374.119 1 0
github.com/rafaelcoelhox/labbend/internal/app/graph/generated.go:376.29,377.46 1 0
github.com/rafaelcoelhox/labbend/internal/app/graph/generated.go:377.46,378.9 1 0
github.com/rafaelcoelhox/labbend/internal/app/graph/generated.go:381.3,382.17 2 0
github.com/rafaelcoelhox/labbend/internal/app/graph/generated.go:382.17,384.4 1 0
github.com/rafaelcoelhox/labbend/internal/app/graph/generated.go:386.3,386.125 1 0
github.com/rafaelcoelhox/labbend/internal/app/graph/generated.go:388.32,389.49 1 0
github.com/rafaelcoelhox/labbend/internal/app/graph/generated.go:389.49,390.9 1 0
github.com/rafaelcoelhox/labbend/internal/app/graph/generated.go:393.3,394.17 2 0
github.com/rafaelcoelhox/labbend/internal/app/graph/generated.go:394.17,396.4 1 0
github.com/rafaelcoelhox/labbend/internal/app/graph/generated.go:398.3,398.115 1 0
github.com/rafaelcoelhox/labbend/internal/app/graph/generated.go:400.25,401.42 1 0
github.com/rafaelcoelhox/labbend/internal/app/graph/generated.go:401.42,402.9 1 0
github.com/rafaelcoelhox/labbend/internal/app/graph/generated.go:405.3,406.17 2 0
github.com/rafaelcoelhox/labbend/internal/app/graph/generated.go:406.17,408.4 1 0
github.com/rafaelcoelhox/labbend/internal/app/graph/generated.go:410.3,410.82 1 0
github.com/rafaelcoelhox/labbend/internal/app/graph/generated.go:412.36,413.53 1 0
github.com/rafaelcoelhox/labbend/internal/app/graph/generated.go:413.53,414.9 1 0
github.com/rafaelcoelhox/labbend/internal/app/graph/generated.go:417.3,418.17 2 0
github.com/rafaelcoelhox/labbend/internal/app/graph/generated.go:418.17,420.4 1 0
github.com/rafaelcoelhox/labbend/internal/app/graph/generated.go:422.3,422.102 1 0
github.com/rafaelcoelhox/labbend/internal/app/graph/generated.go:424.30,425.47 1 0
github.com/rafaelcoelhox/labbend/internal/app/graph/generated.go:425.47,426.9 1 0
github.com/rafaelcoelhox/labbend/internal/app/graph/generated.go:429.3,430.17 2 0
github.com/rafaelcoelhox/labbend/internal/app/graph/generated.go:430.17,432.4 1 0
github.com/rafaelcoelhox/labbend/internal/app/graph/generated.go:434.3,434.97 1 0
github.com/rafaelcoelhox/labbend/internal/app/graph/generated.go:436.26,437.43 1 0
github.com/rafaelcoelhox/labbend/internal/app/graph/generated.go:437.43,438.9 1 0
github.com/rafaelcoelhox/labbend/internal/app/graph/generated.go:441.3,442.17 2 0
github.com/rafaelcoelhox/labbend/internal/app/graph/generated.go:442.17,444.4 1 0
github.com/rafaelcoelhox/labbend/internal/app/graph/generated.go:446.3,446.107 1 0
github.com/rafaelcoelhox/labbend/internal/app/graph/generated.go:448.20,449.37 1 0
github.com/rafaelcoelhox/labbend/internal/app/graph/generated.go:449.37,450.9 1 0
github.com/rafaelcoelhox/labbend/internal/app/graph/generated.go:453.3,454.17 2 0
github.com/rafaelcoelhox/labbend/internal/app/graph/generated.go:454.17,456.4 1 0
github.com/rafaelcoelhox/labbend/internal/app/graph/generated.go:458.3,458.77 1 0
github.com/rafaelcoelhox/labbend/internal/app/graph/generated.go:460.29,461.46 1 0
github.com/rafaelcoelhox/labbend/internal/app/graph/generated.go:461.46,462.9 1 0
github.com/rafaelcoelhox/labbend/internal/app/graph/generated.go:465.3,466.17 2 0
github.com/rafaelcoelhox/labbend/internal/app/graph/generated.go:466.17,468.4 1 0
github.com/rafaelcoelhox/labbend/internal/app/graph/generated.go:470.3,470.90 1 0
github.com/rafaelcoelhox/labbend/internal/app/graph/generated.go:472.21,473.38 1 0
github.com/rafaelcoelhox/labbend/internal/app/graph/generated.go:473.38,474.9 1 0
github.com/rafaelcoelhox/labbend/internal/app/graph/generated.go:477.3,478.17 2 0
github.com/rafaelcoelhox/labbend/internal/app/graph/generated.go:478.17,480.4 1 0
github.com/rafaelcoelhox/labbend/internal/app/graph/generated.go:482.3,482.102 1 0
github.com/rafaelcoelhox/labbend/internal/app/graph/generated.go:484.24,485.41 1 0
github.com/rafaelcoelhox/labbend/internal/app/graph/generated.go:485.41,486.9 1 0
github.com/rafaelcoelhox/labbend/internal/app/graph/generated.go:489.3,489.60 1 0
github.com/rafaelcoelhox/labbend/internal/app/graph/generated.go:491.20,492.37 1 0
github.com/rafaelcoelhox/labbend/internal/app/graph/generated.go:492.37,493.9 1 0
github.com/rafaelcoelhox/labbend/internal/app/graph/generated.go:496.3,496.56 1 0
github.com/rafaelcoelhox/labbend/internal/app/graph/generated.go:498.17,499.34 1 0
github.com/rafaelcoelhox/labbend/internal/app/graph/generated.go:499.34,500.9 1 0
github.com/rafaelcoelhox/labbend/internal/app/graph/generated.go:503.3,503.53 1 0
github.com/rafaelcoelhox/labbend/internal/app/graph/generated.go:505.19,506.36 1 0
github.com/rafaelcoelhox/labbend/internal/app/graph/generated.go:506.36,507.9 1 0
github.com/rafaelcoelhox/labbend/internal/app/graph/generated.go:510.3,510.55 1 0
github.com/rafaelcoelhox/labbend/internal/app/graph/generated.go:512.22,513.39 1 0
github.com/rafaelcoelhox/labbend/internal/app/graph/generated.go:513.39,514.9 1 0
github.com/rafaelcoelhox/labbend/internal/app/graph/generated.go:517.3,517.58 1 0
github.com/rafaelcoelhox/labbend/internal/app/graph/generated.go:519.24,520.41 1 0
github.com/rafaelcoelhox/labbend/internal/app/graph/generated.go:520.41,521.9 1 0
github.com/rafaelcoelhox/labbend/internal/app/graph/generated.go:524.3,524.60 1 0
github.com/rafaelcoelhox/labbend/internal/app/graph/generated.go:526.23,527.40 1 0
github.com/rafaelcoelhox/labbend/internal/app/graph/generated.go:527.40,528.9 1 0
github.com/rafaelcoelhox/labbend/internal/app/graph/generated.go:531.3,531.59 1 0
github.com/rafaelcoelhox/labbend/internal/app/graph/generated.go:533.26,534.43 1 0
github.com/rafaelcoelhox/labbend/internal/app/graph/generated.go:534.43,535.9 1 0
github.com/rafaelcoelhox/labbend/internal/app/graph/generated.go:538.3,538.62 1 0
github.com/rafaelcoelhox/labbend/internal/app/graph/generated.go:540.19,541.36 1 0
github.com/rafaelcoelhox/labbend/internal/app/graph/generated.go:541.36,542.9 1 0
github.com/rafaelcoelhox/labbend/internal/app/graph/generated.go:545.3,545.55 1 0
github.com/rafaelcoelhox/labbend/internal/app/graph/generated.go:547.25,548.42 1 0
github.com/rafaelcoelhox/labbend/internal/app/graph/generated.go:548.42,549.9 1 0
github.com/rafaelcoelhox/labbend/internal/app/graph/generated.go:552.3,552.61 1 0
github.com/rafaelcoelhox/labbend/internal/app/graph/generated.go:554.27,555.44 1 0
github.com/rafaelcoelhox/labbend/internal/app/graph/generated.go:555.44,556.9 1 0
github.com/rafaelcoelhox/labbend/internal/app/graph/generated.go:559.3,559.63 1 0
github.com/rafaelcoelhox/labbend/internal/app/graph/generated.go:561.23,562.40 1 0
github.com/rafaelcoelhox/labbend/internal/app/graph/generated.go:562.40,563.9 1 0
github.com/rafaelcoelhox/labbend/internal/app/graph/generated.go:566.3,566.59 1 0
github.com/rafaelcoelhox/labbend/internal/app/graph/generated.go:569.2,569.17 1 0
github.com/rafaelcoelhox/labbend/internal/app/graph/generated.go:572.78,584.32 5 0
github.com/rafaelcoelhox/labbend/internal/app/graph/generated.go:585.17,586.54 1 0
github.com/rafaelcoelhox/labbend/internal/app/graph/generated.go:586.54,589.13 3 0
github.com/rafaelcoelhox/labbend/internal/app/graph/generated.go:589.13,593.5 3 0
github.com/rafaelcoelhox/labbend/internal/app/graph/generated.go:593.10,594.50 1 0
github.com/rafaelcoelhox/labbend/internal/app/graph/generated.go:594.50,601.6 6 0
github.com/rafaelcoelhox/labbend/internal/app/graph/generated.go:601.11,603.6 1 0
github.com/rafaelcoelhox/labbend/internal/app/graph/generated.go:605.4,608.42 4 0
github.com/rafaelcoelhox/labbend/internal/app/graph/generated.go:608.42,611.5 2 0
github.com/rafaelcoelhox/labbend/internal/app/graph/generated.go:613.4,613.20 1 0
github.com/rafaelcoelhox/labbend/internal/app/graph/generated.go:615.20,616.54 1 0
github.com/rafaelcoelhox/labbend/internal/app/graph/generated.go:616.54,617.14 1 0
github.com/rafaelcoelhox/labbend/internal/app/graph/generated.go:617.14,619.5 1 0
github.com/rafaelcoelhox/labbend/internal/app/graph/generated.go:620.4,628.5 6 0
github.com/rafaelcoelhox/labbend/internal/app/graph/generated.go:631.10,632.86 1 0
github.com/rafaelcoelhox/labbend/internal/app/graph/generated.go:644.76,646.12 2 0
github.com/rafaelcoelhox/labbend/internal/app/graph/generated.go:646.12,656.31 4 0
github.com/rafaelcoelhox/labbend/internal/app/graph/generated.go:656.31,658.4 1 0
github.com/rafaelcoelhox/labbend/internal/app/graph/generated.go:659.3,659.27 1 0
github.com/rafaelcoelhox/labbend/internal/app/graph/generated.go:663.79,664.29 1 0
github.com/rafaelcoelhox/labbend/internal/app/graph/generated.go:664.29,666.3 1 0
github.com/rafaelcoelhox/labbend/internal/app/graph/generated.go:667.2,667.51 1 0
github.com/rafaelcoelhox/labbend/internal/app/graph/generated.go:670.86,671.29 1 0
github.com/rafaelcoelhox/labbend/internal/app/graph/generated.go:671.29,673.3 1 0
github.com/rafaelcoelhox/labbend/internal/app/graph/generated.go:674.2,674.81 1 0
github.com/rafaelcoelhox/labbend/internal/app/graph/generated.go:779.150,783.37 4 0
github.com/rafaelcoelhox/labbend/internal/app/graph/generated.go:783.37,786.17 3 0
github.com/rafaelcoelhox/labbend/internal/app/graph/generated.go:786.17,788.4 1 0
github.com/rafaelcoelhox/labbend/internal/app/graph/generated.go:790.2,791.18 2 0
github.com/rafaelcoelhox/labbend/internal/app/graph/generated.go:794.145,798.37 4 0
github.com/rafaelcoelhox/labbend/internal/app/graph/generated.go:798.37,801.17 3 0
github.com/rafaelcoelhox/labbend/internal/app/graph/generated.go:801.17,803.4 1 0
github.com/rafaelcoelhox/labbend/internal/app/graph/generated.go:805.2,806.18 2 0
github.com/rafaelcoelhox/labbend/internal/app/graph/generated.go:809.145,813.34 4 0
github.com/rafaelcoelhox/labbend/internal/app/graph/generated.go:813.34,816.17 3 0
github.com/rafaelcoelhox/labbend/internal/app/graph/generated.go:816.17,818.4 1 0
github.com/rafaelcoelhox/labbend/internal/app/graph/generated.go:820.2,821.18 2 0
github.com/rafaelcoelhox/labbend/internal/app/graph/generated.go:824.150,828.37 4 0
github.com/rafaelcoelhox/labbend/internal/app/graph/generated.go:828.37,831.17 3 0
github.com/rafaelcoelhox/labbend/internal/app/graph/generated.go:831.17,833.4 1 0
github.com/rafaelcoelhox/labbend/internal/app/graph/generated.go:835.2,836.18 2 0
github.com/rafaelcoelhox/labbend/internal/app/graph/generated.go:839.145,843.34 4 0
github.com/rafaelcoelhox/labbend/internal/app/graph/generated.go:843.34,846.17 3 0
github.com/rafaelcoelhox/labbend/internal/app/graph/generated.go:846.17,848.4 1 0
github.com/rafaelcoelhox/labbend/internal/app/graph/generated.go:850.2,852.37 3 0
github.com/rafaelcoelhox/labbend/internal/app/graph/generated.go:852.37,855.17 3 0
github.com/rafaelcoelhox/labbend/internal/app/graph/generated.go:855.17,857.4 1 0
github.com/rafaelcoelhox/labbend/internal/app/graph/generated.go:859.2,860.18 2 0
github.com/rafaelcoelhox/labbend/internal/app/graph/generated.go:863.148,867.37 4 0
github.com/rafaelcoelhox/labbend/internal/app/graph/generated.go:867.37,870.17 3 0
github.com/rafaelcoelhox/labbend/internal/app/graph/generated.go:870.17,872.4 1 0
github.com/rafaelcoelhox/labbend/internal/app/graph/generated.go:874.2,875.18 2 0
github.com/rafaelcoelhox/labbend/internal/app/graph/generated.go:878.138,882.36 4 0
github.com/rafaelcoelhox/labbend/internal/app/graph/generated.go:882.36,885.17 3 0
github.com/rafaelcoelhox/labbend/internal/app/graph/generated.go:885.17,887.4 1 0
github.com/rafaelcoelhox/labbend/internal/app/graph/generated.go:889.2,890.18 2 0
github.com/rafaelcoelhox/labbend/internal/app/graph/generated.go:893.152,897.43 4 0
github.com/rafaelcoelhox/labbend/internal/app/graph/generated.go:897.43,900.17 3 0
github.com/rafaelcoelhox/labbend/internal/app/graph/generated.go:900.17,902.4 1 0
github.com/rafaelcoelhox/labbend/internal/app/graph/generated.go:904.2,905.18 2 0
github.com/rafaelcoelhox/labbend/internal/app/graph/generated.go:908.146,912.44 4 0
github.com/rafaelcoelhox/labbend/internal/app/graph/generated.go:912.44,915.17 3 0
github.com/rafaelcoelhox/labbend/internal/app/graph/generated.go:915.17,917.4 1 0
github.com/rafaelcoelhox/labbend/internal/app/graph/generated.go:919.2,920.18 2 0
github.com/rafaelcoelhox/labbend/internal/app/graph/generated.go:923.141,927.34 4 0
github.com/rafaelcoelhox/labbend/internal/app/graph/generated.go:927.34,930.17 3 0
github.com/rafaelcoelhox/labbend/internal/app/graph/generated.go:930.17,932.4 1 0
github.com/rafaelcoelhox/labbend/internal/app/graph/generated.go:934.2,935.18 2 0
github.com/rafaelcoelhox/labbend/internal/app/graph/generated.go:938.142,942.37 4 0
github.com/rafaelcoelhox/labbend/internal/app/graph/generated.go:942.37,945.17 3 0
github.com/rafaelcoelhox/labbend/internal/app/graph/generated.go:945.17,947.4 1 0
github.com/rafaelcoelhox/labbend/internal/app/graph/generated.go:949.2,951.38 3 0
github.com/rafaelcoelhox/labbend/internal/app/graph/generated.go:951.38,954.17 3 0
github.com/rafaelcoelhox/labbend/internal/app/graph/generated.go:954.17,956.4 1 0
github.com/rafaelcoelhox/labbend/internal/app/graph/generated.go:958.2,959.18 2 0
github.com/rafaelcoelhox/labbend/internal/app/graph/generated.go:962.145,966.38 4 0
github.com/rafaelcoelhox/labbend/internal/app/graph/generated.go:966.38,969.17 3 0
github.com/rafaelcoelhox/labbend/internal/app/graph/generated.go:969.17,971.4 1 0
github.com/rafaelcoelhox/labbend/internal/app/graph/generated.go:973.2,974.18 2 0
github.com/rafaelcoelhox/labbend/internal/app/graph/generated.go:977.136,981.34 4 0
github.com/rafaelcoelhox/labbend/internal/app/graph/generated.go:981.34,984.17 3 0
github.com/rafaelcoelhox/labbend/internal/app/graph/generated.go:984.17,986.4 1 0
github.com/rafaelcoelhox/labbend/internal/app/graph/generated.go:988.2,989.18 2 0
github.com/rafaelcoelhox/labbend/internal/app/graph/generated.go:992.137,996.37 4 0
github.com/rafaelcoelhox/labbend/internal/app/graph/generated.go:996.37,999.17 3 0
github.com/rafaelcoelhox/labbend/internal/app/graph/generated.go:999.17,1001.4 1 0
github.com/rafaelcoelhox/labbend/internal/app/graph/generated.go:1003.2,1005.38 3 0
github.com/rafaelcoelhox/labbend/internal/app/graph/generated.go:1005.38,1008.17 3 0
github.com/rafaelcoelhox/labbend/internal/app/graph/generated.go:1008.17,1010.4 1 0
github.com/rafaelcoelhox/labbend/internal/app/graph/generated.go:1012.2,1013.18 2 0
github.com/rafaelcoelhox/labbend/internal/app/graph/generated.go:1016.143,1020.49 4 0
github.com/rafaelcoelhox/labbend/internal/app/graph/generated.go:1020.49,1023.17 3 0
github.com/rafaelcoelhox/labbend/internal/app/graph/generated.go:1023.17,1025.4 1 0
github.com/rafaelcoelhox/labbend/internal/app/graph/generated.go:1027.2,1028.18 2 0
github.com/rafaelcoelhox/labbend/internal/app/graph/generated.go:1031.139,1035.49 4 0
github.com/rafaelcoelhox/labbend/internal/app/graph/generated.go:1035.49,1038.17 3 0
github.com/rafaelcoelhox/labbend/internal/app/graph/generated.go:1038.17,1040.4 1 0
github.com/rafaelcoelhox/labbend/internal/app/graph/generated.go:1042.2,1043.18 2 0
github.com/rafaelcoelhox/labbend/internal/app/graph/generated.go:1054.145,1056.16 2 0
github.com/rafaelcoelhox/labbend/internal/app/graph/generated.go:1056.16,1058.3 1 0
github.com/rafaelcoelhox/labbend/internal/app/graph/generated.go:1059.2,1060.15 2 0
github.com/rafaelcoelhox/labbend/internal/app/graph/generated.go:1060.15,1061.31 1 0
github.com/rafaelcoelhox/labbend/internal/app/graph/generated.go:1061.31,1064.4 2 0
github.com/rafaelcoelhox/labbend/internal/app/graph/generated.go:1066.2,1066.92 1 0
github.com/rafaelcoelhox/labbend/internal/app/graph/generated.go:1066.92,1069.3 2 0
github.com/rafaelcoelhox/labbend/internal/app/graph/generated.go:1070.2,1070.16 1 0
github.com/rafaelcoelhox/labbend/internal/app/graph/generated.go:1070.16,1073.3 2 0
github.com/rafaelcoelhox/labbend/internal/app/graph/generated.go:1074.2,1074.19 1 0
github.com/rafaelcoelhox/labbend/internal/app/graph/generated.go:1074.19,1075.38 1 0
github.com/rafaelcoelhox/labbend/internal/app/graph/generated.go:1075.38,1077.4 1 0
github.com/rafaelcoelhox/labbend/internal/app/graph/generated.go:1078.3,1078.22 1 0
github.com/rafaelcoelhox/labbend/internal/app/graph/generated.go:1080.2,1082.57 3 0
github.com/rafaelcoelhox/labbend/internal/app/graph/generated.go:1085.144,1091.97 1 0
github.com/rafaelcoelhox/labbend/internal/app/graph/generated.go:1091.97,1093.4 1 0
github.com/rafaelcoelhox/labbend/internal/app/graph/generated.go:1095.2,1095.16 1 0
github.com/rafaelcoelhox/labbend/internal/app/graph/generated.go:1098.148,1100.16 2 0
github.com/rafaelcoelhox/labbend/internal/app/graph/generated.go:1100.16,1102.3 1 0
github.com/rafaelcoelhox/labbend/internal/app/graph/generated.go:1103.2,1104.15 2 0
github.com/rafaelcoelhox/labbend/internal/app/graph/generated.go:1104.15,1105.31 1 0
github.com/rafaelcoelhox/labbend/internal/app/graph/generated.go:1105.31,1108.4 2 0
github.com/rafaelcoelhox/labbend/internal/app/graph/generated.go:1110.2,1110.92 1 0
github.com/rafaelcoelhox/labbend/internal/app/graph/generated.go:1110.92,1113.3 2 0
github.com/rafaelcoelhox/labbend/internal/app/graph/generated.go:1114.2,1114.16 1 0
github.com/rafaelcoelhox/labbend/internal/app/graph/generated.go:1114.16,1117.3 2 0
github.com/rafaelcoelhox/labbend/internal/app/graph/generated.go:1118.2,1118.19 1 0
github.com/rafaelcoelhox/labbend/internal/app/graph/generated.go:1118.19,1119.38 1 0
github.com/rafaelcoelhox/labbend/internal/app/graph/generated.go:1119.38,1121.4 1 0
github.com/rafaelcoelhox/labbend/internal/app/graph/generated.go:1122.3,1122.22 1 0
github.com/rafaelcoelhox/labbend/internal/app/graph/generated.go:1124.2,1126.61 3 0
github.com/rafaelcoelhox/labbend/internal/app/graph/generated.go:1129.147,1135.97 1 0
github.com/rafaelcoelhox/labbend/internal/app/graph/generated.go:1135.97,1137.4 1 0
github.com/rafaelcoelhox/labbend/internal/app/graph/generated.go:1139.2,1139.16 1 0
github.com/rafaelcoelhox/labbend/internal/app/graph/generated.go:1142.154,1144.16 2 0
github.com/rafaelcoelhox/labbend/internal/app/graph/generated.go:1144.16,1146.3 1 0
github.com/rafaelcoelhox/labbend/internal/app/graph/generated.go:1147.2,1148.15 2 0
github.com/rafaelcoelhox/labbend/internal/app/graph/generated.go:1148.15,1149.31 1 0
github.com/rafaelcoelhox/labbend/internal/app/graph/generated.go:1149.31,1152.4 2 0
github.com/rafaelcoelhox/labbend/internal/app/graph/generated.go:1154.2,1154.92 1 0
github.com/rafaelcoelhox/labbend/internal/app/graph/generated.go:1154.92,1157.3 2 0
github.com/rafaelcoelhox/labbend/internal/app/graph/generated.go:1158.2,1158.16 1 0
github.com/rafaelcoelhox/labbend/internal/app/graph/generated.go:1158.16,1161.3 2 0
github.com/rafaelcoelhox/labbend/internal/app/graph/generated.go:1162.2,1162.19 1 0
github.com/rafaelcoelhox/labbend/internal/app/graph/generated.go:1162.19,1163.38 1 0
github.com/rafaelcoelhox/labbend/internal/app/graph/generated.go:1163.38,1165.4 1 0
github.com/rafaelcoelhox/labbend/internal/app/graph/generated.go:1166.3,1166.22 1 0
github.com/rafaelcoelhox/labbend/internal/app/graph/generated.go:1168.2,1170.61 3 0
github.com/rafaelcoelhox/labbend/internal/app/graph/generated.go:1173.153,1179.97 1 0
github.com/rafaelcoelhox/labbend/internal/app/graph/generated.go:1179.97,1181.4 1 0
github.com/rafaelcoelhox/labbend/internal/app/graph/generated.go:1183.2,1183.16 1 0
github.com/rafaelcoelhox/labbend/internal/app/graph/generated.go:1186.151,1188.16 2 0
github.com/rafaelcoelhox/labbend/internal/app/graph/generated.go:1188.16,1190.3 1 0
github.com/rafaelcoelhox/labbend/internal/app/graph/generated.go:1191.2,1192.15 2 0
github.com/rafaelcoelhox/labbend/internal/app/graph/generated.go:1192.15,1193.31 1 0
github.com/rafaelcoelhox/labbend/internal/app/graph/generated.go:1193.31,1196.4 2 0
github.com/rafaelcoelhox/labbend/internal/app/graph/generated.go:1198.2,1198.92 1 0
github.com/rafaelcoelhox/labbend/internal/app/graph/generated.go:1198.92,1201.3 2 0
github.com/rafaelcoelhox/labbend/internal/app/graph/generated.go:1202.2,1202.16 1 0
github.com/rafaelcoelhox/labbend/internal/app/graph/generated.go:1202.16,1205.3 2 0
github.com/rafaelcoelhox/labbend/internal/app/graph/generated.go:1206.2,1206.19 1 0
github.com/rafaelcoelhox/labbend/internal/app/graph/generated.go:1206.19,1207.38 1 0
github.com/rafaelcoelhox/labbend/internal/app/graph/generated.go:1207.38,1209.4 1 0
github.com/rafaelcoelhox/labbend/internal/app/graph/generated.go:1210.3,1210.22 1 0
github.com/rafaelcoelhox/labbend/internal/app/graph/generated.go:1212.2,1214.55 3 0
github.com/rafaelcoelhox/labbend/internal/app/graph/generated.go:1217.150,1223.97 1 0
github.com/rafaelcoelhox/labbend/internal/app/graph/generated.go:1223.97,1225.4 1 0
github.com/rafaelcoelhox/labbend/internal/app/graph/generated.go:1227.2,1227.16 1 0
github.com/rafaelcoelhox/labbend/internal/app/graph/generated.go:1230.149,1232.16 2 0
github.com/rafaelcoelhox/labbend/internal/app/graph/generated.go:1232.16,1234.3 1 0
github.com/rafaelcoelhox/labbend/internal/app/graph/generated.go:1235.2,1236.15 2 0
github.com/rafaelcoelhox/labbend/internal/app/graph/generated.go:1236.15,1237.31 1 0
github.com/rafaelcoelhox/labbend/internal/app/graph/generated.go:1237.31,1240.4 2 0
github.com/rafaelcoelhox/labbend/internal/app/graph/generated.go:1242.2,1242.92 1 0
github.com/rafaelcoelhox/labbend/internal/app/graph/generated.go:1242.92,1245.3 2 0
github.com/rafaelcoelhox/labbend/internal/app/graph/generated.go:1246.2,1246.16 1 0
github.com/rafaelcoelhox/labbend/internal/app/graph/generated.go:1246.16,1249.3 2 0
github.com/rafaelcoelhox/labbend/internal/app/graph/generated.go:1250.2,1250.19 1 0
github.com/rafaelcoelhox/labbend/internal/app/graph/generated.go:1250.19,1251.38 1 0
github.com/rafaelcoelhox/labbend/internal/app/graph/generated.go:1251.38,1253.4 1 0
github.com/rafaelcoelhox/labbend/internal/app/graph/generated.go:1254.3,1254.22 1 0
github.com/rafaelcoelhox/labbend/internal/app/graph/generated.go:1256.2,1258.61 3 0
github.com/rafaelcoelhox/labbend/internal/app/graph/generated.go:1261.148,1267.97 1 0
github.com/rafaelcoelhox/labbend/internal/app/graph/generated.go:1267.97,1269.4 1 0
github.com/rafaelcoelhox/labbend/internal/app/graph/generated.go:1271.2,1271.16 1 0
github.com/rafaelcoelhox/labbend/internal/app/graph/generated.go:1274.152,1276.16 2 0
github.com/rafaelcoelhox/labbend/internal/app/graph/generated.go:1276.16,1278.3 1 0
github.com/rafaelcoelhox/labbend/internal/app/graph/generated.go:1279.2,1280.15 2 0
github.com/rafaelcoelhox/labbend/internal/app/graph/generated.go:1280.15,1281.31 1 0
github.com/rafaelcoelhox/labbend/internal/app/graph/generated.go:1281.31,1284.4 2 0
github.com/rafaelcoelhox/labbend/internal/app/graph/generated.go:1286.2,1286.92 1 0
github.com/rafaelcoelhox/labbend/internal/app/graph/generated.go:1286.92,1289.3 2 0
github.com/rafaelcoelhox/labbend/internal/app/graph/generated.go:1290.2,1290.16 1 0
github.com/rafaelcoelhox/labbend/internal/app/graph/generated.go:1290.16,1293.3 2 0
github.com/rafaelcoelhox/labbend/internal/app/graph/generated.go:1294.2,1294.19 1 0
github.com/rafaelcoelhox/labbend/internal/app/graph/generated.go:1294.19,1295.38 1 0
github.com/rafaelcoelhox/labbend/internal/app/graph/generated.go:1295.38,1297.4 1 0
github.com/rafaelcoelhox/labbend/internal/app/graph/generated.go:1298.3,1298.22 1 0
github.com/rafaelcoelhox/labbend/internal/app/graph/generated.go:1300.2,1302.61 3 0
github.com/rafaelcoelhox/labbend/internal/app/graph/generated.go:1305.151,1311.97 1 0
github.com/rafaelcoelhox/labbend/internal/app/graph/generated.go:1311.97,1313.4 1 0
github.com/rafaelcoelhox/labbend/internal/app/graph/generated.go:1315.2,1315.16 1 0
github.com/rafaelcoelhox/labbend/internal/app/graph/generated.go:1318.152,1320.16 2 0
github.com/rafaelcoelhox/labbend/internal/app/graph/generated.go:1320.16,1322.3 1 0
github.com/rafaelcoelhox/labbend/internal/app/graph/generated.go:1323.2,1324.15 2 0
github.com/rafaelcoelhox/labbend/internal/app/graph/generated.go:1324.15,1325.31 1 0
github.com/rafaelcoelhox/labbend/internal/app/graph/generated.go:1325.31,1328.4 2 0
github.com/rafaelcoelhox/labbend/internal/app/graph/generated.go:1330.2,1330.92 1 0
github.com/rafaelcoelhox/labbend/internal/app/graph/generated.go:1330.92,1333.3 2 0
github.com/rafaelcoelhox/labbend/internal/app/graph/generated.go:1334.2,1334.16 1 0
github.com/rafaelcoelhox/labbend/internal/app/graph/generated.go:1334.16,1337.3 2 0
github.com/rafaelcoelhox/labbend/internal/app/graph/generated.go:1338.2,1338.19 1 0
github.com/rafaelcoelhox/labbend/internal/app/graph/generated.go:1338.19,1339.38 1 0
github.com/rafaelcoelhox/labbend/internal/app/graph/generated.go:1339.38,1341.4 1 0
github.com/rafaelcoelhox/labbend/internal/app/graph/generated.go:1342.3,1342.22 1 0
github.com/rafaelcoelhox/labbend/internal/app/graph/generated.go:1344.2,1346.61 3 0
github.com/rafaelcoelhox/labbend/internal/app/graph/generated.go:1349.151,1355.97 1 0
github.com/rafaelcoelhox/labbend/internal/app/graph/generated.go:1355.97,1357.4 1 0
github.com/rafaelcoelhox/labbend/internal/app/graph/generated.go:1359.2,1359.16 1 0
github.com/rafaelcoelhox/labbend/internal/app/graph/generated.go:1362.165,1364.16 2 0
github.com/rafaelcoelhox/labbend/internal/app/graph/generated.go:1364.16,1366.3 1 0
github.com/rafaelcoelhox/labbend/internal/app/graph/generated.go:1367.2,1368.15 2 0
github.com/rafaelcoelhox/labbend/internal/app/graph/generated.go:1368.15,1369.31 1 0
github.com/rafaelcoelhox/labbend/internal/app/graph/generated.go:1369.31,1372.4 2 0
github.com/rafaelcoelhox/labbend/internal/app/graph/generated.go:1374.2,1374.92 1 0
github.com/rafaelcoelhox/labbend/internal/app/graph/generated.go:1374.92,1377.3 2 0
github.com/rafaelcoelhox/labbend/internal/app/graph/generated.go:1378.2,1378.16 1 0
github.com/rafaelcoelhox/labbend/internal/app/graph/generated.go:1378.16,1381.3 2 0
github.com/rafaelcoelhox/labbend/internal/app/graph/generated.go:1382.2,1382.19 1 0
github.com/rafaelcoelhox/labbend/internal/app/graph/generated.go:1382.19,1383.38 1 0
github.com/rafaelcoelhox/labbend/internal/app/graph/generated.go:1383.38,1385.4 1 0
github.com/rafaelcoelhox/labbend/internal/app/graph/generated.go:1386.3,1386.22 1 0
github.com/rafaelcoelhox/labbend/internal/app/graph/generated.go:1388.2,1390.57 3 0
github.com/rafaelcoelhox/labbend/internal/app/graph/generated.go:1393.154,1399.97 1 0
github.com/rafaelcoelhox/labbend/internal/app/graph/generated.go:1399.97,1401.4 1 0
github.com/rafaelcoelhox/labbend/internal/app/graph/generated.go:1403.2,1403.16 1 0
github.com/rafaelcoelhox/labbend/internal/app/graph/generated.go:1406.174,1408.16 2 0
github.com/rafaelcoelhox/labbend/internal/app/graph/generated.go:1408.16,1410.3 1 0
github.com/rafaelcoelhox/labbend/internal/app/graph/generated.go:1411.2,1412.15 2 0
github.com/rafaelcoelhox/labbend/internal/app/graph/generated.go:1412.15,1413.31 1 0
github.com/rafaelcoelhox/labbend/internal/app/graph/generated.go:1413.31,1416.4 2 0
github.com/rafaelcoelhox/labbend/internal/app/graph/generated.go:1418.2,1418.92 1 0
github.com/rafaelcoelhox/labbend/internal/app/graph/generated.go:1418.92,1421.3 2 0
github.com/rafaelcoelhox/labbend/internal/app/graph/generated.go:1422.2,1422.16 1 0
github.com/rafaelcoelhox/labbend/internal/app/graph/generated.go:1422.16,1425.3 2 0
github.com/rafaelcoelhox/labbend/internal/app/graph/generated.go:1426.2,1426.19 1 0
github.com/rafaelcoelhox/labbend/internal/app/graph/generated.go:1426.19,1427.38 1 0
github.com/rafaelcoelhox/labbend/internal/app/graph/generated.go:1427.38,1429.4 1 0
github.com/rafaelcoelhox/labbend/internal/app/graph/generated.go:1430.3,1430.22 1 0
github.com/rafaelcoelhox/labbend/internal/app/graph/generated.go:1432.2,1434.57 3 0
github.com/rafaelcoelhox/labbend/internal/app/graph/generated.go:1437.163,1443.97 1 0
github.com/rafaelcoelhox/labbend/internal/app/graph/generated.go:1443.97,1445.4 1 0
github.com/rafaelcoelhox/labbend/internal/app/graph/generated.go:1447.2,1447.16 1 0
github.com/rafaelcoelhox/labbend/internal/app/graph/generated.go:1450.169,1452.16 2 0
github.com/rafaelcoelhox/labbend/internal/app/graph/generated.go:1452.16,1454.3 1 0
github.com/rafaelcoelhox/labbend/internal/app/graph/generated.go:1455.2,1456.15 2 0
github.com/rafaelcoelhox/labbend/internal/app/graph/generated.go:1456.15,1457.31 1 0
github.com/rafaelcoelhox/labbend/internal/app/graph/generated.go:1457.31,1460.4 2 0
github.com/rafaelcoelhox/labbend/internal/app/graph/generated.go:1462.2,1462.92 1 0
github.com/rafaelcoelhox/labbend/internal/app/graph/generated.go:1462.92,1465.3 2 0
github.com/rafaelcoelhox/labbend/internal/app/graph/generated.go:1466.2,1466.16 1 0
github.com/rafaelcoelhox/labbend/internal/app/graph/generated.go:1466.16,1469.3 2 0
github.com/rafaelcoelhox/labbend/internal/app/graph/generated.go:1470.2,1470.19 1 0
github.com/rafaelcoelhox/labbend/internal/app/graph/generated.go:1470.19,1471.38 1 0
github.com/rafaelcoelhox/labbend/internal/app/graph/generated.go:1471.38,1473.4 1 0
github.com/rafaelcoelhox/labbend/internal/app/graph/generated.go:1474.3,1474.22 1 0
github.com/rafaelcoelhox/labbend/internal/app/graph/generated.go:1476.2,1478.57 3 0
github.com/rafaelcoelhox/labbend/internal/app/graph/generated.go:1481.158,1487.97 1 0
github.com/rafaelcoelhox/labbend/internal/app/graph/generated.go:1487.97,1489.4 1 0
github.com/rafaelcoelhox/labbend/internal/app/graph/generated.go:1491.2,1491.16 1 0
github.com/rafaelcoelhox/labbend/internal/app/graph/generated.go:1494.171,1496.16 2 0
github.com/rafaelcoelhox/labbend/internal/app/graph/generated.go:1496.16,1498.3 1 0
github.com/rafaelcoelhox/labbend/internal/app/graph/generated.go:1499.2,1500.15 2 0
github.com/rafaelcoelhox/labbend/internal/app/graph/generated.go:1500.15,1501.31 1 0
github.com/rafaelcoelhox/labbend/internal/app/graph/generated.go:1501.31,1504.4 2 0
github.com/rafaelcoelhox/labbend/internal/app/graph/generated.go:1506.2,1506.92 1 0
github.com/rafaelcoelhox/labbend/internal/app/graph/generated.go:1506.92,1509.3 2 0
github.com/rafaelcoelhox/labbend/internal/app/graph/generated.go:1510.2,1510.16 1 0
github.com/rafaelcoelhox/labbend/internal/app/graph/generated.go:1510.16,1513.3 2 0
github.com/rafaelcoelhox/labbend/internal/app/graph/generated.go:1514.2,1514.19 1 0
github.com/rafaelcoelhox/labbend/internal/app/graph/generated.go:1514.19,1515.38 1 0
github.com/rafaelcoelhox/labbend/internal/app/graph/generated.go:1515.38,1517.4 1 0
github.com/rafaelcoelhox/labbend/internal/app/graph/generated.go:1518.3,1518.22 1 0
github.com/rafaelcoelhox/labbend/internal/app/graph/generated.go:1520.2,1522.61 3 0
github.com/rafaelcoelhox/labbend/internal/app/graph/generated.go:1525.160,1531.97 1 0
github.com/rafaelcoelhox/labbend/internal/app/graph/generated.go:1531.97,1533.4 1 0
github.com/rafaelcoelhox/labbend/internal/app/graph/generated.go:1535.2,1535.16 1 0
github.com/rafaelcoelhox/labbend/internal/app/graph/generated.go:1538.169,1540.16 2 0
github.com/rafaelcoelhox/labbend/internal/app/graph/generated.go:1540.16,1542.3 1 0
github.com/rafaelcoelhox/labbend/internal/app/graph/generated.go:1543.2,1544.15 2 0
github.com/rafaelcoelhox/labbend/internal/app/graph/generated.go:1544.15,1545.31 1 0
github.com/rafaelcoelhox/labbend/internal/app/graph/generated.go:1545.31,1548.4 2 0
github.com/rafaelcoelhox/labbend/internal/app/graph/generated.go:1550.2,1550.92 1 0
github.com/rafaelcoelhox/labbend/internal/app/graph/generated.go:1550.92,1553.3 2 0
github.com/rafaelcoelhox/labbend/internal/app/graph/generated.go:1554.2,1554.16 1 0
github.com/rafaelcoelhox/labbend/internal/app/graph/generated.go:1554.16,1557.3 2 0
github.com/rafaelcoelhox/labbend/internal/app/graph/generated.go:1558.2,1558.19 1 0
github.com/rafaelcoelhox/labbend/internal/app/graph/generated.go:1558.19,1559.38 1 0
github.com/rafaelcoelhox/labbend/internal/app/graph/generated.go:1559.38,1561.4 1 0
github.com/rafaelcoelhox/labbend/internal/app/graph/generated.go:1562.3,1562.22 1 0
github.com/rafaelcoelhox/labbend/internal/app/graph/generated.go:1564.2,1566.61 3 0
github.com/rafaelcoelhox/labbend/internal/app/graph/generated.go:1569.158,1575.97 1 0
github.com/rafaelcoelhox/labbend/internal/app/graph/generated.go:1575.97,1577.4 1 0
github.com/rafaelcoelhox/labbend/internal/app/graph/generated.go:1579.2,1579.16 1 0
github.com/rafaelcoelhox/labbend/internal/app/graph/generated.go:1582.172,1584.16 2 0
github.com/rafaelcoelhox/labbend/internal/app/graph/generated.go:1584.16,1586.3 1 0
github.com/rafaelcoelhox/labbend/internal/app/graph/generated.go:1587.2,1588.15 2 0
github.com/rafaelcoelhox/labbend/internal/app/graph/generated.go:1588.15,1589.31 1 0
github.com/rafaelcoelhox/labbend/internal/app/graph/generated.go:1589.31,1592.4 2 0
github.com/rafaelcoelhox/labbend/internal/app/graph/generated.go:1594.2,1594.92 1 0
github.com/rafaelcoelhox/labbend/internal/app/graph/generated.go:1594.92,1597.3 2 0
github.com/rafaelcoelhox/labbend/internal/app/graph/generated.go:1598.2,1598.16 1 0
github.com/rafaelcoelhox/labbend/internal/app/graph/generated.go:1598.16,1601.3 2 0
github.com/rafaelcoelhox/labbend/internal/app/graph/generated.go:1602.2,1602.19 1 0
github.com/rafaelcoelhox/labbend/internal/app/graph/generated.go:1602.19,1603.38 1 0
github.com/rafaelcoelhox/labbend/internal/app/graph/generated.go:1603.38,1605.4 1 0
github.com/rafaelcoelhox/labbend/internal/app/graph/generated.go:1606.3,1606.22 1 0
github.com/rafaelcoelhox/labbend/internal/app/graph/generated.go:1608.2,1610.61 3 0
github.com/rafaelcoelhox/labbend/internal/app/graph/generated.go:1613.161,1619.97 1 0
github.com/rafaelcoelhox/labbend/internal/app/graph/generated.go:1619.97,1621.4 1 0
github.com/rafaelcoelhox/labbend/internal/app/graph/generated.go:1623.2,1623.16 1 0
github.com/rafaelcoelhox/labbend/internal/app/graph/generated.go:1626.153,1628.16 2 0
github.com/rafaelcoelhox/labbend/internal/app/graph/generated.go:1628.16,1630.3 1 0
github.com/rafaelcoelhox/labbend/internal/app/graph/generated.go:1631.2,1632.15 2 0
github.com/rafaelcoelhox/labbend/internal/app/graph/generated.go:1632.15,1633.31 1 0
github.com/rafaelcoelhox/labbend/internal/app/graph/generated.go:1633.31,1636.4 2 0
github.com/rafaelcoelhox/labbend/internal/app/graph/generated.go:1638.2,1638.92 1 0
github.com/rafaelcoelhox/labbend/internal/app/graph/generated.go:1638.92,1641.3 2 0
github.com/rafaelcoelhox/labbend/internal/app/graph/generated.go:1642.2,1642.16 1 0
github.com/rafaelcoelhox/labbend/internal/app/graph/generated.go:1642.16,1645.3 2 0
github.com/rafaelcoelhox/labbend/internal/app/graph/generated.go:1646.2,1646.19 1 0
github.com/rafaelcoelhox/labbend/internal/app/graph/generated.go:1646.19,1647.38 1 0
github.com/rafaelcoelhox/labbend/internal/app/graph/generated.go:1647.38,1649.4 1 0
github.com/rafaelcoelhox/labbend/internal/app/graph/generated.go:1650.3,1650.22 1 0
github.com/rafaelcoelhox/labbend/internal/app/graph/generated.go:1652.2,1654.57 3 0
github.com/rafaelcoelhox/labbend/internal/app/graph/generated.go:1657.148,1663.97 1 0
github.com/rafaelcoelhox/labbend/internal/app/graph/generated.go:1663.97,1665.4 1 0
github.com/rafaelcoelhox/labbend/internal/app/graph/generated.go:1667.2,1667.16 1 0
github.com/rafaelcoelhox/labbend/internal/app/graph/generated.go:1670.163,1672.16 2 0
github.com/rafaelcoelhox/labbend/internal/app/graph/generated.go:1672.16,1674.3 1 0
github.com/rafaelcoelhox/labbend/internal/app/graph/generated.go:1675.2,1676.15 2 0
github.com/rafaelcoelhox/labbend/internal/app/graph/generated.go:1676.15,1677.31 1 0
github.com/rafaelcoelhox/labbend/internal/app/graph/generated.go:1677.31,1680.4 2 0
github.com/rafaelcoelhox/labbend/internal/app/graph/generated.go:1682.2,1682.92 1 0
github.com/rafaelcoelhox/labbend/internal/app/graph/generated.go:1682.92,1685.3 2 0
github.com/rafaelcoelhox/labbend/internal/app/graph/generated.go:1686.2,1686.16 1 0
github.com/rafaelcoelhox/labbend/internal/app/graph/generated.go:1686.16,1689.3 2 0
github.com/rafaelcoelhox/labbend/internal/app/graph/generated.go:1690.2,1690.19 1 0
github.com/rafaelcoelhox/labbend/internal/app/graph/generated.go:1690.19,1691.38 1 0
github.com/rafaelcoelhox/labbend/internal/app/graph/generated.go:1691.38,1693.4 1 0
github.com/rafaelcoelhox/labbend/internal/app/graph/generated.go:1694.3,1694.22 1 0
github.com/rafaelcoelhox/labbend/internal/app/graph/generated.go:1696.2,1698.57 3 0
github.com/rafaelcoelhox/labbend/internal/app/graph/generated.go:1701.158,1707.97 1 0
github.com/rafaelcoelhox/labbend/internal/app/graph/generated.go:1707.97,1709.4 1 0
github.com/rafaelcoelhox/labbend/internal/app/graph/generated.go:1711.2,1711.16 1 0
github.com/rafaelcoelhox/labbend/internal/app/graph/generated.go:1714.157,1716.16 2 0
github.com/rafaelcoelhox/labbend/internal/app/graph/generated.go:1716.16,1718.3 1 0
github.com/rafaelcoelhox/labbend/internal/app/graph/generated.go:1719.2,1720.15 2 0
github.com/rafaelcoelhox/labbend/internal/app/graph/generated.go:1720.15,1721.31 1 0
github.com/rafaelcoelhox/labbend/internal/app/graph/generated.go:1721.31,1724.4 2 0
github.com/rafaelcoelhox/labbend/internal/app/graph/generated.go:1726.2,1726.92 1 0
github.com/rafaelcoelhox/labbend/internal/app/graph/generated.go:1726.92,1729.3 2 0
github.com/rafaelcoelhox/labbend/internal/app/graph/generated.go:1730.2,1730.16 1 0
github.com/rafaelcoelhox/labbend/internal/app/graph/generated.go:1730.16,1733.3 2 0
github.com/rafaelcoelhox/labbend/internal/app/graph/generated.go:1734.2,1734.19 1 0
github.com/rafaelcoelhox/labbend/internal/app/graph/generated.go:1734.19,1735.38 1 0
github.com/rafaelcoelhox/labbend/internal/app/graph/generated.go:1735.38,1737.4 1 0
github.com/rafaelcoelhox/labbend/internal/app/graph/generated.go:1738.3,1738.22 1 0
github.com/rafaelcoelhox/labbend/internal/app/graph/generated.go:1740.2,1742.57 3 0
github.com/rafaelcoelhox/labbend/internal/app/graph/generated.go:1745.152,1751.97 1 0
github.com/rafaelcoelhox/labbend/internal/app/graph/generated.go:1751.97,1753.4 1 0
github.com/rafaelcoelhox/labbend/internal/app/graph/generated.go:1755.2,1755.16 1 0
github.com/rafaelcoelhox/labbend/internal/app/graph/generated.go:1758.159,1760.16 2 0
github.com/rafaelcoelhox/labbend/internal/app/graph/generated.go:1760.16,1762.3 1 0
github.com/rafaelcoelhox/labbend/internal/app/graph/generated.go:1763.2,1764.15 2 0
github.com/rafaelcoelhox/labbend/internal/app/graph/generated.go:1764.15,1765.31 1 0
github.com/rafaelcoelhox/labbend/internal/app/graph/generated.go:1765.31,1768.4 2 0
github.com/rafaelcoelhox/labbend/internal/app/graph/generated.go:1770.2,1770.92 1 0
github.com/rafaelcoelhox/labbend/internal/app/graph/generated.go:1770.92,1773.3 2 0
github.com/rafaelcoelhox/labbend/internal/app/graph/generated.go:1774.2,1774.16 1 0
github.com/rafaelcoelhox/labbend/internal/app/graph/generated.go:1774.16,1777.3 2 0
github.com/rafaelcoelhox/labbend/internal/app/graph/generated.go:1778.2,1778.19 1 0
github.com/rafaelcoelhox/labbend/internal/app/graph/generated.go:1778.19,1779.38 1 0
github.com/rafaelcoelhox/labbend/internal/app/graph/generated.go:1779.38,1781.4 1 0
github.com/rafaelcoelhox/labbend/internal/app/graph/generated.go:1782.3,1782.22 1 0
github.com/rafaelcoelhox/labbend/internal/app/graph/generated.go:1784.2,1786.60 3 0
github.com/rafaelcoelhox/labbend/internal/app/graph/generated.go:1789.154,1795.97 1 0
github.com/rafaelcoelhox/labbend/internal/app/graph/generated.go:1795.97,1797.4 1 0
github.com/rafaelcoelhox/labbend/internal/app/graph/generated.go:1799.2,1799.16 1 0
github.com/rafaelcoelhox/labbend/internal/app/graph/generated.go:1802.160,1804.16 2 0
github.com/rafaelcoelhox/labbend/internal/app/graph/generated.go:1804.16,1806.3 1 0
github.com/rafaelcoelhox/labbend/internal/app/graph/generated.go:1807.2,1808.15 2 0
github.com/rafaelcoelhox/labbend/internal/app/graph/generated.go:1808.15,1809.31 1 0
github.com/rafaelcoelhox/labbend/internal/app/graph/generated.go:1809.31,1812.4 2 0
github.com/rafaelcoelhox/labbend/internal/app/graph/generated.go:1814.2,1814.92 1 0
github.com/rafaelcoelhox/labbend/internal/app/graph/generated.go:1814.92,1817.3 2 0
github.com/rafaelcoelhox/labbend/internal/app/graph/generated.go:1818.2,1818.16 1 0
github.com/rafaelcoelhox/labbend/internal/app/graph/generated.go:1818.16,1821.3 2 0
github.com/rafaelcoelhox/labbend/internal/app/graph/generated.go:1822.2,1822.19 1 0
github.com/rafaelcoelhox/labbend/internal/app/graph/generated.go:1822.19,1823.38 1 0
github.com/rafaelcoelhox/labbend/internal/app/graph/generated.go:1823.38,1825.4 1 0
github.com/rafaelcoelhox/labbend/internal/app/graph/generated.go:1826.3,1826.22 1 0
github.com/rafaelcoelhox/labbend/internal/app/graph/generated.go:1828.2,1830.55 3 0
github.com/rafaelcoelhox/labbend/internal/app/graph/generated.go:1833.155,1839.97 1 0
github.com/rafaelcoelhox/labbend/internal/app/graph/generated.go:1839.97,1841.4 1 0
github.com/rafaelcoelhox/labbend/internal/app/graph/generated.go:1843.2,1843.16 1 0
github.com/rafaelcoelhox/labbend/internal/app/graph/generated.go:1846.158,1848.16 2 0
github.com/rafaelcoelhox/labbend/internal/app/graph/generated.go:1848.16,1850.3 1 0
github.com/rafaelcoelhox/labbend/internal/app/graph/generated.go:1851.2,1852.15 2 0
github.com/rafaelcoelhox/labbend/internal/app/graph/generated.go:1852.15,1853.31 1 0
github.com/rafaelcoelhox/labbend/internal/app/graph/generated.go:1853.31,1856.4 2 0
github.com/rafaelcoelhox/labbend/internal/app/graph/generated.go:1858.2,1858.92 1 0
github.com/rafaelcoelhox/labbend/internal/app/graph/generated.go:1858.92,1861.3 2 0
github.com/rafaelcoelhox/labbend/internal/app/graph/generated.go:1862.2,1862.16 1 0
github.com/rafaelcoelhox/labbend/internal/app/graph/generated.go:1862.16,1865.3 2 0
github.com/rafaelcoelhox/labbend/internal/app/graph/generated.go:1866.2,1866.19 1 0
github.com/rafaelcoelhox/labbend/internal/app/graph/generated.go:1866.19,1867.38 1 0
github.com/rafaelcoelhox/labbend/internal/app/graph/generated.go:1867.38,1869.4 1 0
github.com/rafaelcoelhox/labbend/internal/app/graph/generated.go:1870.3,1870.22 1 0
github.com/rafaelcoelhox/labbend/internal/app/graph/generated.go:1872.2,1874.60 3 0
github.com/rafaelcoelhox/labbend/internal/app/graph/generated.go:1877.153,1883.97 1 0
github.com/rafaelcoelhox/labbend/internal/app/graph/generated.go:1883.97,1885.4 1 0
github.com/rafaelcoelhox/labbend/internal/app/graph/generated.go:1887.2,1887.16 1 0
github.com/rafaelcoelhox/labbend/internal/app/graph/generated.go:1890.160,1892.16 2 0
github.com/rafaelcoelhox/labbend/internal/app/graph/generated.go:1892.16,1894.3 1 0
github.com/rafaelcoelhox/labbend/internal/app/graph/generated.go:1895.2,1896.15 2 0
github.com/rafaelcoelhox/labbend/internal/app/graph/generated.go:1896.15,1897.31 1 0
github.com/rafaelcoelhox/labbend/internal/app/graph/generated.go:1897.31,1900.4 2 0
github.com/rafaelcoelhox/labbend/internal/app/graph/generated.go:1902.2,1902.92 1 0
github.com/rafaelcoelhox/labbend/internal/app/graph/generated.go:1902.92,1905.3 2 0
github.com/rafaelcoelhox/labbend/internal/app/graph/generated.go:1906.2,1906.16 1 0
github.com/rafaelcoelhox/labbend/internal/app/graph/generated.go:1906.16,1909.3 2 0
github.com/rafaelcoelhox/labbend/internal/app/graph/generated.go:1910.2,1910.19 1 0
github.com/rafaelcoelhox/labbend/internal/app/graph/generated.go:1910.19,1911.38 1 0
github.com/rafaelcoelhox/labbend/internal/app/graph/generated.go:1911.38,1913.4 1 0
github.com/rafaelcoelhox/labbend/internal/app/graph/generated.go:1914.3,1914.22 1 0
github.com/rafaelcoelhox/labbend/internal/app/graph/generated.go:1916.2,1918.61 3 0
github.com/rafaelcoelhox/labbend/internal/app/graph/generated.go:1921.155,1927.97 1 0
github.com/rafaelcoelhox/labbend/internal/app/graph/generated.go:1927.97,1929.4 1 0
github.com/rafaelcoelhox/labbend/internal/app/graph/generated.go:1931.2,1931.16 1 0
github.com/rafaelcoelhox/labbend/internal/app/graph/generated.go:1934.125,1936.16 2 0
github.com/rafaelcoelhox/labbend/internal/app/graph/generated.go:1936.16,1938.3 1 0
github.com/rafaelcoelhox/labbend/internal/app/graph/generated.go:1939.2,1940.15 2 0
github.com/rafaelcoelhox/labbend/internal/app/graph/generated.go:1940.15,1941.31 1 0
github.com/rafaelcoelhox/labbend/internal/app/graph/generated.go:1941.31,1944.4 2 0
github.com/rafaelcoelhox/labbend/internal/app/graph/generated.go:1946.2,1946.92 1 0
github.com/rafaelcoelhox/labbend/internal/app/graph/generated.go:1946.92,1949.3 2 0
github.com/rafaelcoelhox/labbend/internal/app/graph/generated.go:1950.2,1950.16 1 0
github.com/rafaelcoelhox/labbend/internal/app/graph/generated.go:1950.16,1953.3 2 0
github.com/rafaelcoelhox/labbend/internal/app/graph/generated.go:1954.2,1954.19 1 0
github.com/rafaelcoelhox/labbend/internal/app/graph/generated.go:1954.19,1955.38 1 0
github.com/rafaelcoelhox/labbend/internal/app/graph/generated.go:1955.38,1957.4 1 0
github.com/rafaelcoelhox/labbend/internal/app/graph/generated.go:1958.3,1958.22 1 0
github.com/rafaelcoelhox/labbend/internal/app/graph/generated.go:1960.2,1962.127 3 0
github.com/rafaelcoelhox/labbend/internal/app/graph/generated.go:1965.151,1971.97 1 0
github.com/rafaelcoelhox/labbend/internal/app/graph/generated.go:1971.97,1972.22 1 0
github.com/rafaelcoelhox/labbend/internal/app/graph/generated.go:1973.14,1974.47 1 0
github.com/rafaelcoelhox/labbend/internal/app/graph/generated.go:1975.16,1976.49 1 0
github.com/rafaelcoelhox/labbend/internal/app/graph/generated.go:1977.17,1978.50 1 0
github.com/rafaelcoelhox/labbend/internal/app/graph/generated.go:1979.19,1980.52 1 0
github.com/rafaelcoelhox/labbend/internal/app/graph/generated.go:1981.21,1982.54 1 0
github.com/rafaelcoelhox/labbend/internal/app/graph/generated.go:1983.21,1984.54 1 0
github.com/rafaelcoelhox/labbend/internal/app/graph/generated.go:1986.4,1986.85 1 0
github.com/rafaelcoelhox/labbend/internal/app/graph/generated.go:1989.2,1989.15 1 0
github.com/rafaelcoelhox/labbend/internal/app/graph/generated.go:1989.15,1990.31 1 0
github.com/rafaelcoelhox/labbend/internal/app/graph/generated.go:1990.31,1993.4 2 0
github.com/rafaelcoelhox/labbend/internal/app/graph/generated.go:1995.2,1996.104 2 0
github.com/rafaelcoelhox/labbend/internal/app/graph/generated.go:1996.104,1999.3 2 0
github.com/rafaelcoelhox/labbend/internal/app/graph/generated.go:2000.2,2000.16 1 0
github.com/rafaelcoelhox/labbend/internal/app/graph/generated.go:2003.125,2005.16 2 0
github.com/rafaelcoelhox/labbend/internal/app/graph/generated.go:2005.16,2007.3 1 0
github.com/rafaelcoelhox/labbend/internal/app/graph/generated.go:2008.2,2009.15 2 0
github.com/rafaelcoelhox/labbend/internal/app/graph/generated.go:2009.15,2010.31 1 0
github.com/rafaelcoelhox/labbend/internal/app/graph/generated.go:2010.31,2013.4 2 0
github.com/rafaelcoelhox/labbend/internal/app/graph/generated.go:2015.2,2015.92 1 0
github.com/rafaelcoelhox/labbend/internal/app/graph/generated.go:2015.92,2018.3 2 0
github.com/rafaelcoelhox/labbend/internal/app/graph/generated.go:2019.2,2019.16 1 0
github.com/rafaelcoelhox/labbend/internal/app/graph/generated.go:2019.16,2022.3 2 0
github.com/rafaelcoelhox/labbend/internal/app/graph/generated.go:2023.2,2023.19 1 0
github.com/rafaelcoelhox/labbend/internal/app/graph/generated.go:2023.19,2024.38 1 0
github.com/rafaelcoelhox/labbend/internal/app/graph/generated.go:2024.38,2026.4 1 0
github.com/rafaelcoelhox/labbend/internal/app/graph/generated.go:2027.3,2027.22 1 0
github.com/rafaelcoelhox/labbend/internal/app/graph/generated.go:2029.2,2031.127 3 0
github.com/rafaelcoelhox/labbend/internal/app/graph/generated.go:2034.151,2040.97 1 0
github.com/rafaelcoelhox/labbend/internal/app/graph/generated.go:2040.97,2041.22 1 0
github.com/rafaelcoelhox/labbend/internal/app/graph/generated.go:2042.14,2043.47 1 0
github.com/rafaelcoelhox/labbend/internal/app/graph/generated.go:2044.16,2045.49 1 0
github.com/rafaelcoelhox/labbend/internal/app/graph/generated.go:2046.17,2047.50 1 0
github.com/rafaelcoelhox/labbend/internal/app/graph/generated.go:2048.19,2049.52 1 0
github.com/rafaelcoelhox/labbend/internal/app/graph/generated.go:2050.21,2051.54 1 0
github.com/rafaelcoelhox/labbend/internal/app/graph/generated.go:2052.21,2053.54 1 0
github.com/rafaelcoelhox/labbend/internal/app/graph/generated.go:2055.4,2055.85 1 0
github.com/rafaelcoelhox/labbend/internal/app/graph/generated.go:2058.2,2058.15 1 0
github.com/rafaelcoelhox/labbend/internal/app/graph/generated.go:2058.15,2059.31 1 0
[...]
github.com/rafaelcoelhox/labbend/internal/mocks/users_repository_mock.go:110.98,115.2 4 0
github.com/rafaelcoelhox/labbend/internal/mocks/users_repository_mock.go:118.100,121.2 2 0
github.com/rafaelcoelhox/labbend/internal/mocks/users_repository_mock.go:124.98,130.2 5 1
github.com/rafaelcoelhox/labbend/internal/mocks/users_repository_mock.go:133.92,136.2 2 1
github.com/rafaelcoelhox/labbend/internal/mocks/users_repository_mock.go:139.93,145.2 5 0
github.com/rafaelcoelhox/labbend/internal/mocks/users_repository_mock.go:148.89,151.2 2 0
github.com/rafaelcoelhox/labbend/internal/mocks/users_repository_mock.go:154.114,160.2 5 0
github.com/rafaelcoelhox/labbend/internal/mocks/users_repository_mock.go:163.101,166.2 2 0
github.com/rafaelcoelhox/labbend/internal/mocks/users_repository_mock.go:169.107,175.2 5 0
github.com/rafaelcoelhox/labbend/internal/mocks/users_repository_mock.go:178.100,181.2 2 0
github.com/rafaelcoelhox/labbend/internal/mocks/users_repository_mock.go:184.92,190.2 5 0
github.com/rafaelcoelhox/labbend/internal/mocks/users_repository_mock.go:193.96,196.2 2 0
github.com/rafaelcoelhox/labbend/internal/mocks/users_repository_mock.go:199.106,205.2 5 0
github.com/rafaelcoelhox/labbend/internal/mocks/users_repository_mock.go:208.98,211.2 2 0
github.com/rafaelcoelhox/labbend/internal/mocks/users_repository_mock.go:214.113,220.2 5 0
github.com/rafaelcoelhox/labbend/internal/mocks/users_repository_mock.go:223.102,226.2 2 0
github.com/rafaelcoelhox/labbend/internal/mocks/users_repository_mock.go:229.97,235.2 5 0
github.com/rafaelcoelhox/labbend/internal/mocks/users_repository_mock.go:238.92,241.2 2 0
github.com/rafaelcoelhox/labbend/internal/mocks/users_repository_mock.go:244.133,249.2 4 0
github.com/rafaelcoelhox/labbend/internal/mocks/users_repository_mock.go:252.124,255.2 2 0
github.com/rafaelcoelhox/labbend/internal/mocks/users_repository_mock.go:258.84,263.2 4 0
github.com/rafaelcoelhox/labbend/internal/mocks/users_repository_mock.go:266.88,269.2 2 0
github.com/rafaelcoelhox/labbend/internal/mocks/users_repository_mock.go:272.105,277.2 4 0
github.com/rafaelcoelhox/labbend/internal/mocks/users_repository_mock.go:280.100,283.2 2 0
github.com/rafaelcoelhox/labbend/internal/mocks/users_service_mock.go:28.69,32.2 3 1
github.com/rafaelcoelhox/labbend/internal/mocks/users_service_mock.go:35.67,37.2 1 1
github.com/rafaelcoelhox/labbend/internal/mocks/users_service_mock.go:40.110,46.2 5 1
github.com/rafaelcoelhox/labbend/internal/mocks/users_service_mock.go:49.89,52.2 2 1
github.com/rafaelcoelhox/labbend/internal/mocks/users_service_mock.go:55.78,60.2 4 0
github.com/rafaelcoelhox/labbend/internal/mocks/users_service_mock.go:63.89,66.2 2 0
github.com/rafaelcoelhox/labbend/internal/mocks/users_service_mock.go:69.90,75.2 5 0
github.com/rafaelcoelhox/labbend/internal/mocks/users_service_mock.go:78.86,81.2 2 0
github.com/rafaelcoelhox/labbend/internal/mocks/users_service_mock.go:84.89,90.2 5 0
github.com/rafaelcoelhox/labbend/internal/mocks/users_service_mock.go:93.93,96.2 2 0
github.com/rafaelcoelhox/labbend/internal/mocks/users_service_mock.go:99.102,105.2 5 0
github.com/rafaelcoelhox/labbend/internal/mocks/users_service_mock.go:108.92,111.2 2 0
github.com/rafaelcoelhox/labbend/internal/mocks/users_service_mock.go:114.103,120.2 5 0
github.com/rafaelcoelhox/labbend/internal/mocks/users_service_mock.go:123.95,126.2 2 0
github.com/rafaelcoelhox/labbend/internal/mocks/users_service_mock.go:129.107,134.2 4 0
github.com/rafaelcoelhox/labbend/internal/mocks/users_service_mock.go:137.107,140.2 2 0
github.com/rafaelcoelhox/labbend/internal/mocks/users_service_mock.go:143.128,148.2 4 0
github.com/rafaelcoelhox/labbend/internal/mocks/users_service_mock.go:151.119,154.2 2 0
github.com/rafaelcoelhox/labbend/internal/mocks/users_service_mock.go:157.99,163.2 5 0
github.com/rafaelcoelhox/labbend/internal/mocks/users_service_mock.go:166.94,169.2 2 0
github.com/rafaelcoelhox/labbend/internal/mocks/users_service_mock.go:172.111,178.2 5 0
github.com/rafaelcoelhox/labbend/internal/mocks/users_service_mock.go:181.100,184.2 2 0
github.com/rafaelcoelhox/labbend/internal/mocks/users_service_mock.go:187.109,192.2 4 0
github.com/rafaelcoelhox/labbend/internal/mocks/users_service_mock.go:195.109,198.2 2 0
github.com/rafaelcoelhox/labbend/internal/mocks/users_service_mock.go:201.130,206.2 4 0
github.com/rafaelcoelhox/labbend/internal/mocks/users_service_mock.go:209.121,212.2 2 0
github.com/rafaelcoelhox/labbend/internal/mocks/users_service_mock.go:215.121,221.2 5 0
github.com/rafaelcoelhox/labbend/internal/mocks/users_service_mock.go:224.95,227.2 2 0
github.com/rafaelcoelhox/labbend/internal/users/model.go:44.32,46.2 1 0
github.com/rafaelcoelhox/labbend/internal/users/model.go:48.34,50.2 1 0
github.com/rafaelcoelhox/labbend/internal/users/model.go:52.33,53.18 1 0
github.com/rafaelcoelhox/labbend/internal/users/model.go:53.18,55.3 1 0
github.com/rafaelcoelhox/labbend/internal/users/model.go:56.2,56.19 1 0
github.com/rafaelcoelhox/labbend/internal/users/model.go:56.19,58.3 1 0
github.com/rafaelcoelhox/labbend/internal/users/model.go:59.2,59.12 1 0
github.com/rafaelcoelhox/labbend/internal/users/model.go:62.78,70.2 1 0
github.com/rafaelcoelhox/labbend/internal/users/repository.go:39.44,41.2 1 0
github.com/rafaelcoelhox/labbend/internal/users/repository.go:45.68,49.65 3 0
github.com/rafaelcoelhox/labbend/internal/users/repository.go:49.65,50.44 1 0
github.com/rafaelcoelhox/labbend/internal/users/repository.go:50.44,52.4 1 0
github.com/rafaelcoelhox/labbend/internal/users/repository.go:53.3,53.30 1 0
github.com/rafaelcoelhox/labbend/internal/users/repository.go:55.2,55.12 1 0
github.com/rafaelcoelhox/labbend/internal/users/repository.go:58.75,64.16 5 0
github.com/rafaelcoelhox/labbend/internal/users/repository.go:64.16,65.45 1 0
github.com/rafaelcoelhox/labbend/internal/users/repository.go:65.45,67.4 1 0
github.com/rafaelcoelhox/labbend/internal/users/repository.go:68.3,68.35 1 0
github.com/rafaelcoelhox/labbend/internal/users/repository.go:70.2,70.19 1 0
github.com/rafaelcoelhox/labbend/internal/users/repository.go:73.83,79.16 5 0
github.com/rafaelcoelhox/labbend/internal/users/repository.go:79.16,80.45 1 0
github.com/rafaelcoelhox/labbend/internal/users/repository.go:80.45,82.4 1 0
github.com/rafaelcoelhox/labbend/internal/users/repository.go:83.3,83.35 1 0
github.com/rafaelcoelhox/labbend/internal/users/repository.go:85.2,85.19 1 0
github.com/rafaelcoelhox/labbend/internal/users/repository.go:88.68,93.16 4 0
github.com/rafaelcoelhox/labbend/internal/users/repository.go:93.16,95.3 1 0
github.com/rafaelcoelhox/labbend/internal/users/repository.go:96.2,96.12 1 0
github.com/rafaelcoelhox/labbend/internal/users/repository.go:99.65,104.16 4 0
github.com/rafaelcoelhox/labbend/internal/users/repository.go:104.16,106.3 1 0
github.com/rafaelcoelhox/labbend/internal/users/repository.go:107.2,107.12 1 0
github.com/rafaelcoelhox/labbend/internal/users/repository.go:110.84,120.16 5 0
github.com/rafaelcoelhox/labbend/internal/users/repository.go:120.16,122.3 1 0
github.com/rafaelcoelhox/labbend/internal/users/repository.go:123.2,123.19 1 0
github.com/rafaelcoelhox/labbend/internal/users/repository.go:127.100,147.16 5 0
github.com/rafaelcoelhox/labbend/internal/users/repository.go:147.16,149.3 1 0
github.com/rafaelcoelhox/labbend/internal/users/repository.go:151.2,152.33 2 0
github.com/rafaelcoelhox/labbend/internal/users/repository.go:152.33,157.3 1 0
github.com/rafaelcoelhox/labbend/internal/users/repository.go:159.2,159.25 1 0
github.com/rafaelcoelhox/labbend/internal/users/repository.go:164.78,168.67 3 0
github.com/rafaelcoelhox/labbend/internal/users/repository.go:168.67,170.3 1 0
github.com/rafaelcoelhox/labbend/internal/users/repository.go:171.2,171.12 1 0
github.com/rafaelcoelhox/labbend/internal/users/repository.go:174.84,185.16 5 0
github.com/rafaelcoelhox/labbend/internal/users/repository.go:185.16,187.3 1 0
github.com/rafaelcoelhox/labbend/internal/users/repository.go:188.2,188.24 1 0
github.com/rafaelcoelhox/labbend/internal/users/repository.go:191.92,201.16 5 0
github.com/rafaelcoelhox/labbend/internal/users/repository.go:201.16,203.3 1 0
github.com/rafaelcoelhox/labbend/internal/users/repository.go:204.2,204.23 1 0
github.com/rafaelcoelhox/labbend/internal/users/repository.go:208.100,212.23 3 0
github.com/rafaelcoelhox/labbend/internal/users/repository.go:212.23,214.3 1 0
github.com/rafaelcoelhox/labbend/internal/users/repository.go:216.2,228.16 3 0
github.com/rafaelcoelhox/labbend/internal/users/repository.go:228.16,230.3 1 0
github.com/rafaelcoelhox/labbend/internal/users/repository.go:232.2,233.33 2 0
github.com/rafaelcoelhox/labbend/internal/users/repository.go:233.33,235.3 1 0
github.com/rafaelcoelhox/labbend/internal/users/repository.go:238.2,238.33 1 0
github.com/rafaelcoelhox/labbend/internal/users/repository.go:238.33,239.42 1 0
github.com/rafaelcoelhox/labbend/internal/users/repository.go:239.42,241.4 1 0
github.com/rafaelcoelhox/labbend/internal/users/repository.go:244.2,244.19 1 0
github.com/rafaelcoelhox/labbend/internal/users/repository.go:248.87,252.63 3 0
github.com/rafaelcoelhox/labbend/internal/users/repository.go:252.63,253.44 1 0
github.com/rafaelcoelhox/labbend/internal/users/repository.go:253.44,255.4 1 0
github.com/rafaelcoelhox/labbend/internal/users/repository.go:256.3,256.30 1 0
github.com/rafaelcoelhox/labbend/internal/users/repository.go:258.2,258.12 1 0
github.com/rafaelcoelhox/labbend/internal/users/repository.go:261.97,265.65 3 0
github.com/rafaelcoelhox/labbend/internal/users/repository.go:265.65,267.3 1 0
github.com/rafaelcoelhox/labbend/internal/users/repository.go:268.2,268.12 1 0
github.com/rafaelcoelhox/labbend/internal/users/repository.go:271.94,277.16 5 0
github.com/rafaelcoelhox/labbend/internal/users/repository.go:277.16,278.45 1 0
github.com/rafaelcoelhox/labbend/internal/users/repository.go:278.45,280.4 1 0
github.com/rafaelcoelhox/labbend/internal/users/repository.go:281.3,281.35 1 0
github.com/rafaelcoelhox/labbend/internal/users/repository.go:283.2,283.19 1 0
github.com/rafaelcoelhox/labbend/internal/users/repository.go:286.87,290.61 3 0
github.com/rafaelcoelhox/labbend/internal/users/repository.go:290.61,292.3 1 0
github.com/rafaelcoelhox/labbend/internal/users/repository.go:293.2,293.12 1 0
github.com/rafaelcoelhox/labbend/internal/users/repository.go:296.84,300.70 3 0
github.com/rafaelcoelhox/labbend/internal/users/repository.go:300.70,302.3 1 0
github.com/rafaelcoelhox/labbend/internal/users/repository.go:303.2,303.12 1 0
github.com/rafaelcoelhox/labbend/internal/users/repository.go:306.135,319.65 4 0
github.com/rafaelcoelhox/labbend/internal/users/repository.go:319.65,321.3 1 0
github.com/rafaelcoelhox/labbend/internal/users/repository.go:323.2,323.12 1 0
github.com/rafaelcoelhox/labbend/internal/users/resolver.go:24.67,29.2 1 0
github.com/rafaelcoelhox/labbend/internal/users/resolver.go:33.79,35.16 2 0
github.com/rafaelcoelhox/labbend/internal/users/resolver.go:35.16,37.3 1 0
github.com/rafaelcoelhox/labbend/internal/users/resolver.go:39.2,40.16 2 0
github.com/rafaelcoelhox/labbend/internal/users/resolver.go:40.16,42.3 1 0
github.com/rafaelcoelhox/labbend/internal/users/resolver.go:44.2,51.8 1 0
github.com/rafaelcoelhox/labbend/internal/users/resolver.go:55.96,59.18 3 0
github.com/rafaelcoelhox/labbend/internal/users/resolver.go:59.18,61.3 1 0
github.com/rafaelcoelhox/labbend/internal/users/resolver.go:62.2,62.19 1 0
github.com/rafaelcoelhox/labbend/internal/users/resolver.go:62.19,64.3 1 0
github.com/rafaelcoelhox/labbend/internal/users/resolver.go:67.2,68.16 2 0
github.com/rafaelcoelhox/labbend/internal/users/resolver.go:68.16,70.3 1 0
github.com/rafaelcoelhox/labbend/internal/users/resolver.go:72.2,73.41 2 0
github.com/rafaelcoelhox/labbend/internal/users/resolver.go:73.41,82.3 1 0
github.com/rafaelcoelhox/labbend/internal/users/resolver.go:84.2,84.26 1 0
github.com/rafaelcoelhox/labbend/internal/users/resolver.go:87.89,89.16 2 0
github.com/rafaelcoelhox/labbend/internal/users/resolver.go:89.16,91.3 1 0
github.com/rafaelcoelhox/labbend/internal/users/resolver.go:93.2,93.50 1 0
github.com/rafaelcoelhox/labbend/internal/users/resolver.go:98.97,100.16 2 0
github.com/rafaelcoelhox/labbend/internal/users/resolver.go:100.16,102.3 1 0
github.com/rafaelcoelhox/labbend/internal/users/resolver.go:104.2,111.8 1 0
github.com/rafaelcoelhox/labbend/internal/users/resolver.go:114.108,116.16 2 0
github.com/rafaelcoelhox/labbend/internal/users/resolver.go:116.16,118.3 1 0
github.com/rafaelcoelhox/labbend/internal/users/resolver.go:120.2,121.16 2 0
github.com/rafaelcoelhox/labbend/internal/users/resolver.go:121.16,123.3 1 0
github.com/rafaelcoelhox/labbend/internal/users/resolver.go:126.2,127.16 2 0
github.com/rafaelcoelhox/labbend/internal/users/resolver.go:127.16,129.3 1 0
github.com/rafaelcoelhox/labbend/internal/users/resolver.go:131.2,138.8 1 0
github.com/rafaelcoelhox/labbend/internal/users/resolver.go:141.77,143.16 2 0
github.com/rafaelcoelhox/labbend/internal/users/resolver.go:143.16,145.3 1 0
github.com/rafaelcoelhox/labbend/internal/users/resolver.go:147.2,148.24 2 0
github.com/rafaelcoelhox/labbend/internal/users/service.go:51.114,58.2 1 1
github.com/rafaelcoelhox/labbend/internal/users/service.go:62.89,63.22 1 0
github.com/rafaelcoelhox/labbend/internal/users/service.go:63.22,65.3 1 0
github.com/rafaelcoelhox/labbend/internal/users/service.go:66.2,66.23 1 0
github.com/rafaelcoelhox/labbend/internal/users/service.go:66.23,68.3 1 0
github.com/rafaelcoelhox/labbend/internal/users/service.go:70.2,71.16 2 0
github.com/rafaelcoelhox/labbend/internal/users/service.go:71.16,73.3 1 0
github.com/rafaelcoelhox/labbend/internal/users/service.go:74.2,74.41 1 0
github.com/rafaelcoelhox/labbend/internal/users/service.go:74.41,76.3 1 0
github.com/rafaelcoelhox/labbend/internal/users/service.go:78.2,83.40 2 0
github.com/rafaelcoelhox/labbend/internal/users/service.go:83.40,85.3 1 0
github.com/rafaelcoelhox/labbend/internal/users/service.go:87.2,87.49 1 0
github.com/rafaelcoelhox/labbend/internal/users/service.go:87.49,90.3 2 0
github.com/rafaelcoelhox/labbend/internal/users/service.go:92.2,103.18 3 0
github.com/rafaelcoelhox/labbend/internal/users/service.go:106.72,108.16 2 1
github.com/rafaelcoelhox/labbend/internal/users/service.go:108.16,111.3 2 0
github.com/rafaelcoelhox/labbend/internal/users/service.go:112.2,112.18 1 1
github.com/rafaelcoelhox/labbend/internal/users/service.go:115.84,117.16 2 0
github.com/rafaelcoelhox/labbend/internal/users/service.go:117.16,119.3 1 0
github.com/rafaelcoelhox/labbend/internal/users/service.go:121.2,122.16 2 0
github.com/rafaelcoelhox/labbend/internal/users/service.go:122.16,124.3 1 0
github.com/rafaelcoelhox/labbend/internal/users/service.go:126.2,129.8 1 0
github.com/rafaelcoelhox/labbend/internal/users/service.go:132.98,134.16 2 0
github.com/rafaelcoelhox/labbend/internal/users/service.go:134.16,136.3 1 0
github.com/rafaelcoelhox/labbend/internal/users/service.go:138.2,138.23 1 0
github.com/rafaelcoelhox/labbend/internal/users/service.go:138.23,140.3 1 0
github.com/rafaelcoelhox/labbend/internal/users/service.go:141.2,141.24 1 0
github.com/rafaelcoelhox/labbend/internal/users/service.go:141.24,143.3 1 0
github.com/rafaelcoelhox/labbend/internal/users/service.go:145.2,145.40 1 0
github.com/rafaelcoelhox/labbend/internal/users/service.go:145.40,147.3 1 0
github.com/rafaelcoelhox/labbend/internal/users/service.go:149.2,149.49 1 0
github.com/rafaelcoelhox/labbend/internal/users/service.go:149.49,152.3 2 0
github.com/rafaelcoelhox/labbend/internal/users/service.go:154.2,165.18 3 0
github.com/rafaelcoelhox/labbend/internal/users/service.go:168.66,170.16 2 0
github.com/rafaelcoelhox/labbend/internal/users/service.go:170.16,172.3 1 0
github.com/rafaelcoelhox/labbend/internal/users/service.go:174.2,174.47 1 0
github.com/rafaelcoelhox/labbend/internal/users/service.go:174.47,177.3 2 0
github.com/rafaelcoelhox/labbend/internal/users/service.go:179.2,188.12 3 0
github.com/rafaelcoelhox/labbend/internal/users/service.go:191.86,192.16 1 0
github.com/rafaelcoelhox/labbend/internal/users/service.go:192.16,194.3 1 0
github.com/rafaelcoelhox/labbend/internal/users/service.go:195.2,195.17 1 0
github.com/rafaelcoelhox/labbend/internal/users/service.go:195.17,197.3 1 0
github.com/rafaelcoelhox/labbend/internal/users/service.go:198.2,198.16 1 0
github.com/rafaelcoelhox/labbend/internal/users/service.go:198.16,200.3 1 0
github.com/rafaelcoelhox/labbend/internal/users/service.go:202.2,203.16 2 0
github.com/rafaelcoelhox/labbend/internal/users/service.go:203.16,206.3 2 0
github.com/rafaelcoelhox/labbend/internal/users/service.go:208.2,208.19 1 0
github.com/rafaelcoelhox/labbend/internal/users/service.go:212.98,213.16 1 0
github.com/rafaelcoelhox/labbend/internal/users/service.go:213.16,215.3 1 0
github.com/rafaelcoelhox/labbend/internal/users/service.go:216.2,216.17 1 0
github.com/rafaelcoelhox/labbend/internal/users/service.go:216.17,218.3 1 0
github.com/rafaelcoelhox/labbend/internal/users/service.go:219.2,219.16 1 0
github.com/rafaelcoelhox/labbend/internal/users/service.go:219.16,221.3 1 0
github.com/rafaelcoelhox/labbend/internal/users/service.go:223.2,224.16 2 0
github.com/rafaelcoelhox/labbend/internal/users/service.go:224.16,227.3 2 0
github.com/rafaelcoelhox/labbend/internal/users/service.go:229.2,229.25 1 0
github.com/rafaelcoelhox/labbend/internal/users/service.go:234.111,241.17 2 0
github.com/rafaelcoelhox/labbend/internal/users/service.go:241.17,243.3 1 0
github.com/rafaelcoelhox/labbend/internal/users/service.go:245.2,246.16 2 0
github.com/rafaelcoelhox/labbend/internal/users/service.go:246.16,248.3 1 0
github.com/rafaelcoelhox/labbend/internal/users/service.go:250.2,251.57 2 0
github.com/rafaelcoelhox/labbend/internal/users/service.go:251.57,254.3 2 0
github.com/rafaelcoelhox/labbend/internal/users/service.go:256.2,268.12 3 0
github.com/rafaelcoelhox/labbend/internal/users/service.go:271.81,273.2 1 0
github.com/rafaelcoelhox/labbend/internal/users/service.go:275.89,277.2 1 0
github.com/rafaelcoelhox/labbend/internal/users/service.go:280.130,287.17 2 0
github.com/rafaelcoelhox/labbend/internal/users/service.go:287.17,289.3 1 0
github.com/rafaelcoelhox/labbend/internal/users/service.go:292.2,293.16 2 0
github.com/rafaelcoelhox/labbend/internal/users/service.go:293.16,295.3 1 0
github.com/rafaelcoelhox/labbend/internal/users/service.go:298.2,299.67 2 0
github.com/rafaelcoelhox/labbend/internal/users/service.go:299.67,302.3 2 0
github.com/rafaelcoelhox/labbend/internal/users/service.go:305.2,314.17 1 0
github.com/rafaelcoelhox/labbend/internal/users/service.go:314.17,317.3 2 0
github.com/rafaelcoelhox/labbend/internal/users/service.go:319.2,320.12 2 0
github.com/rafaelcoelhox/labbend/internal/users/service.go:323.113,330.17 2 0
github.com/rafaelcoelhox/labbend/internal/users/service.go:330.17,332.3 1 0
github.com/rafaelcoelhox/labbend/internal/users/service.go:335.2,336.16 2 0
github.com/rafaelcoelhox/labbend/internal/users/service.go:336.16,338.3 1 0
github.com/rafaelcoelhox/labbend/internal/users/service.go:341.2,342.57 2 0
github.com/rafaelcoelhox/labbend/internal/users/service.go:342.57,345.3 2 0
github.com/rafaelcoelhox/labbend/internal/users/service.go:347.2,359.12 3 0
github.com/rafaelcoelhox/labbend/internal/users/service.go:362.132,369.17 2 0
github.com/rafaelcoelhox/labbend/internal/users/service.go:369.17,371.3 1 0
github.com/rafaelcoelhox/labbend/internal/users/service.go:374.2,375.16 2 0
github.com/rafaelcoelhox/labbend/internal/users/service.go:375.16,377.3 1 0
github.com/rafaelcoelhox/labbend/internal/users/service.go:380.2,380.97 1 0
github.com/rafaelcoelhox/labbend/internal/users/service.go:380.97,383.3 2 0
github.com/rafaelcoelhox/labbend/internal/users/service.go:386.2,395.17 1 0
github.com/rafaelcoelhox/labbend/internal/users/service.go:395.17,398.3 2 0
github.com/rafaelcoelhox/labbend/internal/users/service.go:400.2,401.12 2 0
