mode: atomic
github.com/rafaelcoelhox/labbend/internal/challenges/model.go:67.37,69.2 1 0
github.com/rafaelcoelhox/labbend/internal/challenges/model.go:71.47,73.2 1 0
github.com/rafaelcoelhox/labbend/internal/challenges/model.go:75.41,77.2 1 0
github.com/rafaelcoelhox/labbend/internal/challenges/model.go:79.38,80.19 1 1
github.com/rafaelcoelhox/labbend/internal/challenges/model.go:80.19,82.3 1 0
github.com/rafaelcoelhox/labbend/internal/challenges/model.go:83.2,83.21 1 1
github.com/rafaelcoelhox/labbend/internal/challenges/model.go:83.21,85.3 1 0
github.com/rafaelcoelhox/labbend/internal/challenges/model.go:86.2,86.20 1 1
github.com/rafaelcoelhox/labbend/internal/challenges/model.go:86.20,88.3 1 0
github.com/rafaelcoelhox/labbend/internal/challenges/model.go:89.2,89.12 1 1
github.com/rafaelcoelhox/labbend/internal/challenges/model.go:92.49,94.2 1 0
github.com/rafaelcoelhox/labbend/internal/challenges/model.go:96.50,98.2 1 0
github.com/rafaelcoelhox/labbend/internal/challenges/model.go:100.50,102.2 1 0
github.com/rafaelcoelhox/labbend/internal/challenges/model.go:104.95,115.2 2 0
github.com/rafaelcoelhox/labbend/internal/challenges/repository.go:41.44,43.2 1 0
github.com/rafaelcoelhox/labbend/internal/challenges/repository.go:47.87,51.70 3 0
github.com/rafaelcoelhox/labbend/internal/challenges/repository.go:51.70,53.3 1 0
github.com/rafaelcoelhox/labbend/internal/challenges/repository.go:54.2,54.12 1 0
github.com/rafaelcoelhox/labbend/internal/challenges/repository.go:57.89,63.16 5 0
github.com/rafaelcoelhox/labbend/internal/challenges/repository.go:63.16,64.45 1 0
github.com/rafaelcoelhox/labbend/internal/challenges/repository.go:64.45,66.4 1 0
github.com/rafaelcoelhox/labbend/internal/challenges/repository.go:67.3,67.35 1 0
github.com/rafaelcoelhox/labbend/internal/challenges/repository.go:69.2,69.24 1 0
github.com/rafaelcoelhox/labbend/internal/challenges/repository.go:72.99,83.16 5 0
github.com/rafaelcoelhox/labbend/internal/challenges/repository.go:83.16,85.3 1 0
github.com/rafaelcoelhox/labbend/internal/challenges/repository.go:86.2,86.24 1 0
github.com/rafaelcoelhox/labbend/internal/challenges/repository.go:91.99,95.71 3 0
github.com/rafaelcoelhox/labbend/internal/challenges/repository.go:95.71,97.3 1 0
github.com/rafaelcoelhox/labbend/internal/challenges/repository.go:98.2,98.12 1 0
github.com/rafaelcoelhox/labbend/internal/challenges/repository.go:101.100,107.16 5 0
github.com/rafaelcoelhox/labbend/internal/challenges/repository.go:107.16,108.45 1 0
github.com/rafaelcoelhox/labbend/internal/challenges/repository.go:108.45,110.4 1 0
github.com/rafaelcoelhox/labbend/internal/challenges/repository.go:111.3,111.35 1 0
github.com/rafaelcoelhox/labbend/internal/challenges/repository.go:113.2,113.25 1 0
github.com/rafaelcoelhox/labbend/internal/challenges/repository.go:116.121,125.16 5 0
github.com/rafaelcoelhox/labbend/internal/challenges/repository.go:125.16,127.3 1 0
github.com/rafaelcoelhox/labbend/internal/challenges/repository.go:128.2,128.25 1 0
github.com/rafaelcoelhox/labbend/internal/challenges/repository.go:131.99,136.16 4 0
github.com/rafaelcoelhox/labbend/internal/challenges/repository.go:136.16,138.3 1 0
github.com/rafaelcoelhox/labbend/internal/challenges/repository.go:139.2,139.12 1 0
github.com/rafaelcoelhox/labbend/internal/challenges/repository.go:142.100,151.16 5 0
github.com/rafaelcoelhox/labbend/internal/challenges/repository.go:151.16,153.3 1 0
github.com/rafaelcoelhox/labbend/internal/challenges/repository.go:154.2,154.23 1 0
github.com/rafaelcoelhox/labbend/internal/challenges/repository.go:159.81,163.65 3 0
github.com/rafaelcoelhox/labbend/internal/challenges/repository.go:163.65,165.3 1 0
github.com/rafaelcoelhox/labbend/internal/challenges/repository.go:166.2,166.12 1 0
github.com/rafaelcoelhox/labbend/internal/challenges/repository.go:169.111,178.16 5 0
github.com/rafaelcoelhox/labbend/internal/challenges/repository.go:178.16,180.3 1 0
github.com/rafaelcoelhox/labbend/internal/challenges/repository.go:181.2,181.19 1 0
github.com/rafaelcoelhox/labbend/internal/challenges/repository.go:184.102,193.16 5 0
github.com/rafaelcoelhox/labbend/internal/challenges/repository.go:193.16,195.3 1 0
github.com/rafaelcoelhox/labbend/internal/challenges/repository.go:196.2,196.19 1 0
github.com/rafaelcoelhox/labbend/internal/challenges/repository.go:199.97,208.16 5 0
github.com/rafaelcoelhox/labbend/internal/challenges/repository.go:208.16,210.3 1 0
github.com/rafaelcoelhox/labbend/internal/challenges/repository.go:211.2,211.23 1 0
github.com/rafaelcoelhox/labbend/internal/challenges/repository.go:215.106,219.68 3 0
github.com/rafaelcoelhox/labbend/internal/challenges/repository.go:219.68,221.3 1 0
github.com/rafaelcoelhox/labbend/internal/challenges/repository.go:222.2,222.12 1 0
github.com/rafaelcoelhox/labbend/internal/challenges/repository.go:225.108,231.16 5 0
github.com/rafaelcoelhox/labbend/internal/challenges/repository.go:231.16,232.45 1 0
github.com/rafaelcoelhox/labbend/internal/challenges/repository.go:232.45,234.4 1 0
github.com/rafaelcoelhox/labbend/internal/challenges/repository.go:235.3,235.35 1 0
github.com/rafaelcoelhox/labbend/internal/challenges/repository.go:237.2,237.24 1 0
github.com/rafaelcoelhox/labbend/internal/challenges/repository.go:240.118,244.69 3 0
github.com/rafaelcoelhox/labbend/internal/challenges/repository.go:244.69,246.3 1 0
github.com/rafaelcoelhox/labbend/internal/challenges/repository.go:247.2,247.12 1 0
github.com/rafaelcoelhox/labbend/internal/challenges/repository.go:250.119,256.16 5 0
github.com/rafaelcoelhox/labbend/internal/challenges/repository.go:256.16,257.45 1 0
github.com/rafaelcoelhox/labbend/internal/challenges/repository.go:257.45,259.4 1 0
github.com/rafaelcoelhox/labbend/internal/challenges/repository.go:260.3,260.35 1 0
github.com/rafaelcoelhox/labbend/internal/challenges/repository.go:262.2,262.25 1 0
github.com/rafaelcoelhox/labbend/internal/challenges/repository.go:265.118,270.16 4 0
github.com/rafaelcoelhox/labbend/internal/challenges/repository.go:270.16,272.3 1 0
github.com/rafaelcoelhox/labbend/internal/challenges/repository.go:273.2,273.12 1 0
github.com/rafaelcoelhox/labbend/internal/challenges/repository.go:276.100,280.63 3 0
github.com/rafaelcoelhox/labbend/internal/challenges/repository.go:280.63,282.3 1 0
github.com/rafaelcoelhox/labbend/internal/challenges/repository.go:283.2,283.12 1 0
github.com/rafaelcoelhox/labbend/internal/challenges/resolver.go:16.67,21.2 1 0
github.com/rafaelcoelhox/labbend/internal/challenges/resolver.go:25.82,27.16 2 0
github.com/rafaelcoelhox/labbend/internal/challenges/resolver.go:27.16,29.3 1 0
github.com/rafaelcoelhox/labbend/internal/challenges/resolver.go:31.2,31.55 1 0
github.com/rafaelcoelhox/labbend/internal/challenges/resolver.go:34.99,38.18 3 0
github.com/rafaelcoelhox/labbend/internal/challenges/resolver.go:38.18,40.3 1 0
github.com/rafaelcoelhox/labbend/internal/challenges/resolver.go:41.2,41.19 1 0
github.com/rafaelcoelhox/labbend/internal/challenges/resolver.go:41.19,43.3 1 0
github.com/rafaelcoelhox/labbend/internal/challenges/resolver.go:45.2,45.44 1 0
github.com/rafaelcoelhox/labbend/internal/challenges/resolver.go:48.114,50.16 2 0
github.com/rafaelcoelhox/labbend/internal/challenges/resolver.go:50.16,52.3 1 0
github.com/rafaelcoelhox/labbend/internal/challenges/resolver.go:54.2,54.61 1 0
github.com/rafaelcoelhox/labbend/internal/challenges/resolver.go:57.103,59.16 2 0
github.com/rafaelcoelhox/labbend/internal/challenges/resolver.go:59.16,61.3 1 0
github.com/rafaelcoelhox/labbend/internal/challenges/resolver.go:63.2,63.56 1 0
github.com/rafaelcoelhox/labbend/internal/challenges/resolver.go:68.105,70.2 1 0
github.com/rafaelcoelhox/labbend/internal/challenges/resolver.go:72.115,76.2 2 0
github.com/rafaelcoelhox/labbend/internal/challenges/resolver.go:78.105,82.2 2 0
github.com/rafaelcoelhox/labbend/internal/challenges/service.go:56.170,65.2 1 1
github.com/rafaelcoelhox/labbend/internal/challenges/service.go:69.104,73.23 2 1
github.com/rafaelcoelhox/labbend/internal/challenges/service.go:73.23,75.3 1 0
github.com/rafaelcoelhox/labbend/internal/challenges/service.go:76.2,76.25 1 1
github.com/rafaelcoelhox/labbend/internal/challenges/service.go:76.25,78.3 1 0
github.com/rafaelcoelhox/labbend/internal/challenges/service.go:80.2,87.45 2 1
github.com/rafaelcoelhox/labbend/internal/challenges/service.go:87.45,89.3 1 0
github.com/rafaelcoelhox/labbend/internal/challenges/service.go:91.2,91.63 1 1
github.com/rafaelcoelhox/labbend/internal/challenges/service.go:91.63,94.3 2 0
github.com/rafaelcoelhox/labbend/internal/challenges/service.go:97.2,108.23 3 1
github.com/rafaelcoelhox/labbend/internal/challenges/service.go:111.82,113.2 1 0
github.com/rafaelcoelhox/labbend/internal/challenges/service.go:115.96,117.16 1 0
github.com/rafaelcoelhox/labbend/internal/challenges/service.go:117.16,119.3 1 0
github.com/rafaelcoelhox/labbend/internal/challenges/service.go:120.2,120.17 1 0
github.com/rafaelcoelhox/labbend/internal/challenges/service.go:120.17,122.3 1 0
github.com/rafaelcoelhox/labbend/internal/challenges/service.go:123.2,123.16 1 0
github.com/rafaelcoelhox/labbend/internal/challenges/service.go:123.16,125.3 1 0
github.com/rafaelcoelhox/labbend/internal/challenges/service.go:127.2,127.50 1 0
github.com/rafaelcoelhox/labbend/internal/challenges/service.go:132.127,135.16 2 0
github.com/rafaelcoelhox/labbend/internal/challenges/service.go:135.16,137.3 1 0
github.com/rafaelcoelhox/labbend/internal/challenges/service.go:139.2,145.16 3 0
github.com/rafaelcoelhox/labbend/internal/challenges/service.go:145.16,147.3 1 0
github.com/rafaelcoelhox/labbend/internal/challenges/service.go:149.2,149.47 1 0
github.com/rafaelcoelhox/labbend/internal/challenges/service.go:149.47,151.3 1 0
github.com/rafaelcoelhox/labbend/internal/challenges/service.go:154.2,155.16 2 0
github.com/rafaelcoelhox/labbend/internal/challenges/service.go:155.16,157.3 1 0
github.com/rafaelcoelhox/labbend/internal/challenges/service.go:158.2,158.18 1 0
github.com/rafaelcoelhox/labbend/internal/challenges/service.go:158.18,160.3 1 0
github.com/rafaelcoelhox/labbend/internal/challenges/service.go:163.2,163.26 1 0
github.com/rafaelcoelhox/labbend/internal/challenges/service.go:163.26,165.3 1 0
github.com/rafaelcoelhox/labbend/internal/challenges/service.go:167.2,174.65 2 0
github.com/rafaelcoelhox/labbend/internal/challenges/service.go:174.65,177.3 2 0
github.com/rafaelcoelhox/labbend/internal/challenges/service.go:180.2,192.24 3 0
github.com/rafaelcoelhox/labbend/internal/challenges/service.go:195.118,197.2 1 0
github.com/rafaelcoelhox/labbend/internal/challenges/service.go:201.120,204.16 2 0
github.com/rafaelcoelhox/labbend/internal/challenges/service.go:204.16,206.3 1 0
github.com/rafaelcoelhox/labbend/internal/challenges/service.go:208.2,215.16 3 0
github.com/rafaelcoelhox/labbend/internal/challenges/service.go:215.16,217.3 1 0
github.com/rafaelcoelhox/labbend/internal/challenges/service.go:219.2,219.29 1 0
github.com/rafaelcoelhox/labbend/internal/challenges/service.go:219.29,221.3 1 0
github.com/rafaelcoelhox/labbend/internal/challenges/service.go:224.2,225.16 2 0
github.com/rafaelcoelhox/labbend/internal/challenges/service.go:225.16,227.3 1 0
github.com/rafaelcoelhox/labbend/internal/challenges/service.go:228.2,228.14 1 0
github.com/rafaelcoelhox/labbend/internal/challenges/service.go:228.14,230.3 1 0
github.com/rafaelcoelhox/labbend/internal/challenges/service.go:233.2,233.33 1 0
github.com/rafaelcoelhox/labbend/internal/challenges/service.go:233.33,235.3 1 0
github.com/rafaelcoelhox/labbend/internal/challenges/service.go:238.2,240.53 2 0
github.com/rafaelcoelhox/labbend/internal/challenges/service.go:240.53,243.3 2 0
github.com/rafaelcoelhox/labbend/internal/challenges/service.go:246.2,263.18 4 0
github.com/rafaelcoelhox/labbend/internal/challenges/service.go:266.108,268.2 1 0
github.com/rafaelcoelhox/labbend/internal/challenges/service.go:272.93,279.16 4 0
github.com/rafaelcoelhox/labbend/internal/challenges/service.go:279.16,282.3 2 0
github.com/rafaelcoelhox/labbend/internal/challenges/service.go:284.2,284.34 1 0
github.com/rafaelcoelhox/labbend/internal/challenges/service.go:284.34,290.3 2 0
github.com/rafaelcoelhox/labbend/internal/challenges/service.go:292.2,293.16 2 0
github.com/rafaelcoelhox/labbend/internal/challenges/service.go:293.16,296.3 2 0
github.com/rafaelcoelhox/labbend/internal/challenges/service.go:298.2,299.29 2 0
github.com/rafaelcoelhox/labbend/internal/challenges/service.go:299.29,300.20 1 0
github.com/rafaelcoelhox/labbend/internal/challenges/service.go:300.20,301.12 1 0
github.com/rafaelcoelhox/labbend/internal/challenges/service.go:303.3,303.20 1 0
github.com/rafaelcoelhox/labbend/internal/challenges/service.go:303.20,305.4 1 0
github.com/rafaelcoelhox/labbend/internal/challenges/service.go:305.9,307.4 1 0
github.com/rafaelcoelhox/labbend/internal/challenges/service.go:310.2,315.35 2 0
github.com/rafaelcoelhox/labbend/internal/challenges/service.go:315.35,317.3 1 0
github.com/rafaelcoelhox/labbend/internal/challenges/service.go:317.8,319.3 1 0
github.com/rafaelcoelhox/labbend/internal/challenges/service.go:323.91,327.66 2 0
github.com/rafaelcoelhox/labbend/internal/challenges/service.go:327.66,330.17 2 0
github.com/rafaelcoelhox/labbend/internal/challenges/service.go:330.17,333.4 2 0
github.com/rafaelcoelhox/labbend/internal/challenges/service.go:336.3,337.76 2 0
github.com/rafaelcoelhox/labbend/internal/challenges/service.go:337.76,340.4 2 0
github.com/rafaelcoelhox/labbend/internal/challenges/service.go:343.3,344.79 1 0
github.com/rafaelcoelhox/labbend/internal/challenges/service.go:344.79,347.4 2 0
github.com/rafaelcoelhox/labbend/internal/challenges/service.go:350.3,359.18 1 0
github.com/rafaelcoelhox/labbend/internal/challenges/service.go:359.18,362.4 2 0
github.com/rafaelcoelhox/labbend/internal/challenges/service.go:364.3,364.13 1 0
github.com/rafaelcoelhox/labbend/internal/challenges/service.go:367.2,367.16 1 0
github.com/rafaelcoelhox/labbend/internal/challenges/service.go:367.16,370.3 2 0
github.com/rafaelcoelhox/labbend/internal/challenges/service.go:372.2,374.42 1 0
github.com/rafaelcoelhox/labbend/internal/challenges/service.go:378.105,387.43 4 0
github.com/rafaelcoelhox/labbend/internal/challenges/service.go:387.43,390.18 3 0
github.com/rafaelcoelhox/labbend/internal/challenges/service.go:390.18,392.5 1 0
github.com/rafaelcoelhox/labbend/internal/challenges/service.go:393.4,396.14 2 0
github.com/rafaelcoelhox/labbend/internal/challenges/service.go:400.43,404.4 3 0
github.com/rafaelcoelhox/labbend/internal/challenges/service.go:405.46,409.4 2 0
github.com/rafaelcoelhox/labbend/internal/challenges/service.go:412.43,415.4 1 0
github.com/rafaelcoelhox/labbend/internal/challenges/service.go:416.46,420.4 1 0
github.com/rafaelcoelhox/labbend/internal/challenges/service.go:423.43,435.4 2 0
github.com/rafaelcoelhox/labbend/internal/challenges/service.go:440.2,440.53 1 0
github.com/rafaelcoelhox/labbend/internal/challenges/service.go:444.90,448.66 2 0
github.com/rafaelcoelhox/labbend/internal/challenges/service.go:448.66,451.76 2 0
github.com/rafaelcoelhox/labbend/internal/challenges/service.go:451.76,454.4 2 0
github.com/rafaelcoelhox/labbend/internal/challenges/service.go:457.3,466.18 1 0
github.com/rafaelcoelhox/labbend/internal/challenges/service.go:466.18,469.4 2 0
github.com/rafaelcoelhox/labbend/internal/challenges/service.go:471.3,471.13 1 0
github.com/rafaelcoelhox/labbend/internal/challenges/service.go:474.2,474.16 1 0
github.com/rafaelcoelhox/labbend/internal/challenges/service.go:474.16,477.3 2 0
github.com/rafaelcoelhox/labbend/internal/challenges/service.go:479.2,479.93 1 0
github.com/rafaelcoelhox/labbend/internal/core/logger/logger.go:53.28,63.2 2 1
github.com/rafaelcoelhox/labbend/internal/core/logger/logger.go:66.39,76.2 2 1
github.com/rafaelcoelhox/labbend/internal/core/logger/logger.go:79.51,82.40 2 3
github.com/rafaelcoelhox/labbend/internal/core/logger/logger.go:82.40,87.3 4 1
github.com/rafaelcoelhox/labbend/internal/core/logger/logger.go:87.8,91.3 3 2
github.com/rafaelcoelhox/labbend/internal/core/logger/logger.go:94.2,95.16 2 3
github.com/rafaelcoelhox/labbend/internal/core/logger/logger.go:95.16,97.3 1 0
github.com/rafaelcoelhox/labbend/internal/core/logger/logger.go:98.2,109.16 7 3
github.com/rafaelcoelhox/labbend/internal/core/logger/logger.go:109.16,111.3 1 0
github.com/rafaelcoelhox/labbend/internal/core/logger/logger.go:113.2,116.8 1 3
github.com/rafaelcoelhox/labbend/internal/core/logger/logger.go:120.54,124.84 2 2
github.com/rafaelcoelhox/labbend/internal/core/logger/logger.go:124.84,126.16 2 22
github.com/rafaelcoelhox/labbend/internal/core/logger/logger.go:127.27,128.41 1 3
github.com/rafaelcoelhox/labbend/internal/core/logger/logger.go:129.26,130.40 1 9
github.com/rafaelcoelhox/labbend/internal/core/logger/logger.go:131.26,132.40 1 5
github.com/rafaelcoelhox/labbend/internal/core/logger/logger.go:133.27,134.41 1 5
github.com/rafaelcoelhox/labbend/internal/core/logger/logger.go:135.27,136.41 1 0
github.com/rafaelcoelhox/labbend/internal/core/logger/logger.go:137.11,138.40 1 0
github.com/rafaelcoelhox/labbend/internal/core/logger/logger.go:140.3,140.33 1 22
github.com/rafaelcoelhox/labbend/internal/core/logger/logger.go:144.2,144.75 1 2
github.com/rafaelcoelhox/labbend/internal/core/logger/logger.go:144.75,147.3 2 24
github.com/rafaelcoelhox/labbend/internal/core/logger/logger.go:150.2,150.92 1 2
github.com/rafaelcoelhox/labbend/internal/core/logger/logger.go:150.92,153.3 2 20
github.com/rafaelcoelhox/labbend/internal/core/logger/logger.go:156.2,161.15 5 2
github.com/rafaelcoelhox/labbend/internal/core/logger/logger.go:165.59,167.2 1 6
github.com/rafaelcoelhox/labbend/internal/core/logger/logger.go:169.60,171.2 1 3
github.com/rafaelcoelhox/labbend/internal/core/logger/logger.go:173.60,175.2 1 3
github.com/rafaelcoelhox/labbend/internal/core/logger/logger.go:177.59,179.2 1 2
github.com/rafaelcoelhox/labbend/internal/core/logger/logger.go:181.60,183.2 1 0
github.com/rafaelcoelhox/labbend/internal/core/logger/logger.go:186.108,190.9 3 4
github.com/rafaelcoelhox/labbend/internal/core/logger/logger.go:191.45,193.28 2 2
github.com/rafaelcoelhox/labbend/internal/core/logger/logger.go:194.45,196.28 2 0
github.com/rafaelcoelhox/labbend/internal/core/logger/logger.go:197.45,199.28 2 1
github.com/rafaelcoelhox/labbend/internal/core/logger/logger.go:200.25,202.29 2 1
github.com/rafaelcoelhox/labbend/internal/core/logger/logger.go:203.10,205.28 2 0
github.com/rafaelcoelhox/labbend/internal/core/logger/logger.go:208.2,217.42 3 4
github.com/rafaelcoelhox/labbend/internal/core/logger/logger.go:220.100,229.37 3 2
github.com/rafaelcoelhox/labbend/internal/core/logger/logger.go:229.37,231.3 1 1
github.com/rafaelcoelhox/labbend/internal/core/logger/logger.go:231.8,233.3 1 1
github.com/rafaelcoelhox/labbend/internal/core/logger/logger.go:236.74,245.2 3 2
github.com/rafaelcoelhox/labbend/internal/core/logger/logger.go:247.96,251.9 3 3
github.com/rafaelcoelhox/labbend/internal/core/logger/logger.go:252.38,254.29 2 0
github.com/rafaelcoelhox/labbend/internal/core/logger/logger.go:255.39,257.28 2 1
github.com/rafaelcoelhox/labbend/internal/core/logger/logger.go:258.32,260.28 2 1
github.com/rafaelcoelhox/labbend/internal/core/logger/logger.go:261.10,263.29 2 1
github.com/rafaelcoelhox/labbend/internal/core/logger/logger.go:266.2,273.42 3 3
github.com/rafaelcoelhox/labbend/internal/core/logger/logger.go:277.60,282.2 1 3
github.com/rafaelcoelhox/labbend/internal/core/logger/logger.go:284.60,286.2 1 1
github.com/rafaelcoelhox/labbend/internal/core/logger/logger.go:288.54,290.2 1 1
github.com/rafaelcoelhox/labbend/internal/core/logger/logger.go:292.34,294.2 1 3
github.com/rafaelcoelhox/labbend/internal/core/logger/logger.go:297.42,299.2 1 12
github.com/rafaelcoelhox/labbend/internal/core/logger/logger.go:301.43,303.2 1 3
github.com/rafaelcoelhox/labbend/internal/core/logger/logger.go:305.33,307.2 1 3
github.com/rafaelcoelhox/labbend/internal/core/logger/logger.go:309.61,311.2 1 0
github.com/rafaelcoelhox/labbend/internal/core/logger/logger.go:313.51,315.2 1 1
github.com/rafaelcoelhox/labbend/internal/core/logger/logger.go:318.27,319.50 1 0
github.com/rafaelcoelhox/labbend/internal/core/logger/logger.go:319.50,321.3 1 0
github.com/rafaelcoelhox/labbend/internal/core/logger/logger.go:322.2,322.15 1 0
github.com/rafaelcoelhox/labbend/internal/mocks/challenges_eventbus_mock.go:28.81,32.2 3 1
github.com/rafaelcoelhox/labbend/internal/mocks/challenges_eventbus_mock.go:35.79,37.2 1 1
github.com/rafaelcoelhox/labbend/internal/mocks/challenges_eventbus_mock.go:40.63,43.2 2 1
github.com/rafaelcoelhox/labbend/internal/mocks/challenges_eventbus_mock.go:46.86,49.2 2 1
github.com/rafaelcoelhox/labbend/internal/mocks/challenges_eventbus_mock.go:52.112,57.2 4 0
github.com/rafaelcoelhox/labbend/internal/mocks/challenges_eventbus_mock.go:60.104,63.2 2 0
github.com/rafaelcoelhox/labbend/internal/mocks/challenges_repository_mock.go:28.85,32.2 3 1
github.com/rafaelcoelhox/labbend/internal/mocks/challenges_repository_mock.go:35.83,37.2 1 1
github.com/rafaelcoelhox/labbend/internal/mocks/challenges_repository_mock.go:40.109,46.2 5 0
github.com/rafaelcoelhox/labbend/internal/mocks/challenges_repository_mock.go:49.111,52.2 2 0
github.com/rafaelcoelhox/labbend/internal/mocks/challenges_repository_mock.go:55.108,60.2 4 0
github.com/rafaelcoelhox/labbend/internal/mocks/challenges_repository_mock.go:63.102,66.2 2 0
github.com/rafaelcoelhox/labbend/internal/mocks/challenges_repository_mock.go:69.129,74.2 4 0
github.com/rafaelcoelhox/labbend/internal/mocks/challenges_repository_mock.go:77.114,80.2 2 0
github.com/rafaelcoelhox/labbend/internal/mocks/challenges_repository_mock.go:83.119,88.2 4 0
github.com/rafaelcoelhox/labbend/internal/mocks/challenges_repository_mock.go:91.103,94.2 2 0
github.com/rafaelcoelhox/labbend/internal/mocks/challenges_repository_mock.go:97.140,102.2 4 0
github.com/rafaelcoelhox/labbend/internal/mocks/challenges_repository_mock.go:105.115,108.2 2 0
github.com/rafaelcoelhox/labbend/internal/mocks/challenges_repository_mock.go:111.107,116.2 4 0
github.com/rafaelcoelhox/labbend/internal/mocks/challenges_repository_mock.go:119.97,122.2 2 0
github.com/rafaelcoelhox/labbend/internal/mocks/challenges_repository_mock.go:125.128,130.2 4 0
github.com/rafaelcoelhox/labbend/internal/mocks/challenges_repository_mock.go:133.109,136.2 2 0
github.com/rafaelcoelhox/labbend/internal/mocks/challenges_repository_mock.go:139.117,145.2 5 1
github.com/rafaelcoelhox/labbend/internal/mocks/challenges_repository_mock.go:148.103,151.2 2 1
github.com/rafaelcoelhox/labbend/internal/mocks/challenges_repository_mock.go:154.138,160.2 5 0
github.com/rafaelcoelhox/labbend/internal/mocks/challenges_repository_mock.go:163.115,166.2 2 0
github.com/rafaelcoelhox/labbend/internal/mocks/challenges_repository_mock.go:169.128,175.2 5 0
github.com/rafaelcoelhox/labbend/internal/mocks/challenges_repository_mock.go:178.104,181.2 2 0
github.com/rafaelcoelhox/labbend/internal/mocks/challenges_repository_mock.go:184.149,190.2 5 0
github.com/rafaelcoelhox/labbend/internal/mocks/challenges_repository_mock.go:193.116,196.2 2 0
github.com/rafaelcoelhox/labbend/internal/mocks/challenges_repository_mock.go:199.140,205.2 5 0
github.com/rafaelcoelhox/labbend/internal/mocks/challenges_repository_mock.go:208.114,211.2 2 0
github.com/rafaelcoelhox/labbend/internal/mocks/challenges_repository_mock.go:214.129,220.2 5 0
github.com/rafaelcoelhox/labbend/internal/mocks/challenges_repository_mock.go:223.109,226.2 2 0
github.com/rafaelcoelhox/labbend/internal/mocks/challenges_repository_mock.go:229.106,235.2 5 0
github.com/rafaelcoelhox/labbend/internal/mocks/challenges_repository_mock.go:238.109,241.2 2 0
github.com/rafaelcoelhox/labbend/internal/mocks/challenges_repository_mock.go:244.102,250.2 5 0
github.com/rafaelcoelhox/labbend/internal/mocks/challenges_repository_mock.go:253.105,256.2 2 0
github.com/rafaelcoelhox/labbend/internal/mocks/challenges_repository_mock.go:259.122,265.2 5 0
github.com/rafaelcoelhox/labbend/internal/mocks/challenges_repository_mock.go:268.107,271.2 2 0
github.com/rafaelcoelhox/labbend/internal/mocks/challenges_repository_mock.go:274.119,279.2 4 0
github.com/rafaelcoelhox/labbend/internal/mocks/challenges_repository_mock.go:282.103,285.2 2 0
github.com/rafaelcoelhox/labbend/internal/mocks/challenges_repository_mock.go:288.140,293.2 4 0
github.com/rafaelcoelhox/labbend/internal/mocks/challenges_repository_mock.go:296.115,299.2 2 0
github.com/rafaelcoelhox/labbend/internal/mocks/challenges_service_mock.go:27.79,31.2 3 1
github.com/rafaelcoelhox/labbend/internal/mocks/challenges_service_mock.go:34.77,36.2 1 1
github.com/rafaelcoelhox/labbend/internal/mocks/challenges_service_mock.go:39.140,45.2 5 1
github.com/rafaelcoelhox/labbend/internal/mocks/challenges_service_mock.go:48.99,51.2 2 1
github.com/rafaelcoelhox/labbend/internal/mocks/challenges_service_mock.go:54.110,60.2 5 0
github.com/rafaelcoelhox/labbend/internal/mocks/challenges_service_mock.go:63.96,66.2 2 0
github.com/rafaelcoelhox/labbend/internal/mocks/challenges_service_mock.go:69.137,75.2 5 0
github.com/rafaelcoelhox/labbend/internal/mocks/challenges_service_mock.go:78.111,81.2 2 0
github.com/rafaelcoelhox/labbend/internal/mocks/challenges_service_mock.go:84.126,90.2 5 0
github.com/rafaelcoelhox/labbend/internal/mocks/challenges_service_mock.go:93.106,96.2 2 0
github.com/rafaelcoelhox/labbend/internal/mocks/challenges_service_mock.go:99.119,105.2 5 0
github.com/rafaelcoelhox/labbend/internal/mocks/challenges_service_mock.go:108.104,111.2 2 0
github.com/rafaelcoelhox/labbend/internal/mocks/challenges_service_mock.go:114.161,120.2 5 0
github.com/rafaelcoelhox/labbend/internal/mocks/challenges_service_mock.go:123.105,126.2 2 0
github.com/rafaelcoelhox/labbend/internal/mocks/challenges_service_mock.go:129.154,135.2 5 0
github.com/rafaelcoelhox/labbend/internal/mocks/challenges_service_mock.go:138.106,141.2 2 0
github.com/rafaelcoelhox/labbend/internal/mocks/challenges_userservice_mock.go:27.87,31.2 3 1
github.com/rafaelcoelhox/labbend/internal/mocks/challenges_userservice_mock.go:34.85,36.2 1 1
github.com/rafaelcoelhox/labbend/internal/mocks/challenges_userservice_mock.go:39.116,44.2 4 1
github.com/rafaelcoelhox/labbend/internal/mocks/challenges_userservice_mock.go:47.116,50.2 2 1
github.com/rafaelcoelhox/labbend/internal/mocks/challenges_userservice_mock.go:53.137,58.2 4 0
github.com/rafaelcoelhox/labbend/internal/mocks/challenges_userservice_mock.go:61.128,64.2 2 0
github.com/rafaelcoelhox/labbend/internal/mocks/challenges_userservice_mock.go:67.118,72.2 4 0
github.com/rafaelcoelhox/labbend/internal/mocks/challenges_userservice_mock.go:75.118,78.2 2 0
github.com/rafaelcoelhox/labbend/internal/mocks/challenges_userservice_mock.go:81.139,86.2 4 0
github.com/rafaelcoelhox/labbend/internal/mocks/challenges_userservice_mock.go:89.130,92.2 2 0
github.com/rafaelcoelhox/labbend/internal/mocks/eventbus_handler_mock.go:27.69,31.2 3 0
github.com/rafaelcoelhox/labbend/internal/mocks/eventbus_handler_mock.go:34.67,36.2 1 0
github.com/rafaelcoelhox/labbend/internal/mocks/eventbus_handler_mock.go:39.89,44.2 4 0
github.com/rafaelcoelhox/labbend/internal/mocks/eventbus_handler_mock.go:47.90,50.2 2 0
github.com/rafaelcoelhox/labbend/internal/mocks/logger_mock.go:28.57,32.2 3 1
github.com/rafaelcoelhox/labbend/internal/mocks/logger_mock.go:35.55,37.2 1 1
github.com/rafaelcoelhox/labbend/internal/mocks/logger_mock.go:40.93,43.25 3 0
github.com/rafaelcoelhox/labbend/internal/mocks/logger_mock.go:43.25,45.3 1 0
github.com/rafaelcoelhox/labbend/internal/mocks/logger_mock.go:46.2,46.40 1 0
github.com/rafaelcoelhox/labbend/internal/mocks/logger_mock.go:50.108,54.2 3 0
github.com/rafaelcoelhox/labbend/internal/mocks/logger_mock.go:57.64,60.25 3 0
github.com/rafaelcoelhox/labbend/internal/mocks/logger_mock.go:60.25,62.3 1 0
github.com/rafaelcoelhox/labbend/internal/mocks/logger_mock.go:63.2,63.37 1 0
github.com/rafaelcoelhox/labbend/internal/mocks/logger_mock.go:67.93,71.2 3 0
github.com/rafaelcoelhox/labbend/internal/mocks/logger_mock.go:74.64,77.25 3 0
github.com/rafaelcoelhox/labbend/internal/mocks/logger_mock.go:77.25,79.3 1 0
github.com/rafaelcoelhox/labbend/internal/mocks/logger_mock.go:80.2,80.37 1 0
github.com/rafaelcoelhox/labbend/internal/mocks/logger_mock.go:84.93,88.2 3 0
github.com/rafaelcoelhox/labbend/internal/mocks/logger_mock.go:91.70,94.25 3 0
github.com/rafaelcoelhox/labbend/internal/mocks/logger_mock.go:94.25,96.3 1 0
github.com/rafaelcoelhox/labbend/internal/mocks/logger_mock.go:97.2,97.37 1 0
github.com/rafaelcoelhox/labbend/internal/mocks/logger_mock.go:101.99,105.2 3 0
github.com/rafaelcoelhox/labbend/internal/mocks/logger_mock.go:108.64,111.25 3 0
github.com/rafaelcoelhox/labbend/internal/mocks/logger_mock.go:111.25,113.3 1 0
github.com/rafaelcoelhox/labbend/internal/mocks/logger_mock.go:114.2,114.37 1 0
github.com/rafaelcoelhox/labbend/internal/mocks/logger_mock.go:118.93,122.2 3 0
github.com/rafaelcoelhox/labbend/internal/mocks/logger_mock.go:125.99,128.25 3 0
github.com/rafaelcoelhox/labbend/internal/mocks/logger_mock.go:128.25,130.3 1 0
github.com/rafaelcoelhox/labbend/internal/mocks/logger_mock.go:131.2,131.36 1 0
github.com/rafaelcoelhox/labbend/internal/mocks/logger_mock.go:135.110,139.2 3 0
github.com/rafaelcoelhox/labbend/internal/mocks/logger_mock.go:142.63,145.25 3 1
github.com/rafaelcoelhox/labbend/internal/mocks/logger_mock.go:145.25,147.3 1 0
github.com/rafaelcoelhox/labbend/internal/mocks/logger_mock.go:148.2,148.36 1 1
github.com/rafaelcoelhox/labbend/internal/mocks/logger_mock.go:152.92,156.2 3 1
github.com/rafaelcoelhox/labbend/internal/mocks/logger_mock.go:159.90,162.25 3 0
github.com/rafaelcoelhox/labbend/internal/mocks/logger_mock.go:162.25,164.3 1 0
github.com/rafaelcoelhox/labbend/internal/mocks/logger_mock.go:165.2,165.43 1 0
github.com/rafaelcoelhox/labbend/internal/mocks/logger_mock.go:169.105,173.2 3 0
github.com/rafaelcoelhox/labbend/internal/mocks/logger_mock.go:176.35,181.2 4 0
github.com/rafaelcoelhox/labbend/internal/mocks/logger_mock.go:184.55,187.2 2 0
github.com/rafaelcoelhox/labbend/internal/mocks/logger_mock.go:190.63,193.25 3 0
github.com/rafaelcoelhox/labbend/internal/mocks/logger_mock.go:193.25,195.3 1 0
github.com/rafaelcoelhox/labbend/internal/mocks/logger_mock.go:196.2,196.36 1 0
github.com/rafaelcoelhox/labbend/internal/mocks/logger_mock.go:200.92,204.2 3 0
github.com/rafaelcoelhox/labbend/internal/mocks/logger_mock.go:207.70,210.25 3 0
github.com/rafaelcoelhox/labbend/internal/mocks/logger_mock.go:210.25,212.3 1 0
github.com/rafaelcoelhox/labbend/internal/mocks/logger_mock.go:213.2,215.13 3 0
github.com/rafaelcoelhox/labbend/internal/mocks/logger_mock.go:219.80,222.2 2 0
github.com/rafaelcoelhox/labbend/internal/mocks/logger_mock.go:225.63,230.2 4 0
github.com/rafaelcoelhox/labbend/internal/mocks/logger_mock.go:233.80,236.2 2 0
github.com/rafaelcoelhox/labbend/internal/mocks/logger_mock.go:239.60,244.2 4 0
github.com/rafaelcoelhox/labbend/internal/mocks/logger_mock.go:247.77,250.2 2 0
github.com/rafaelcoelhox/labbend/internal/mocks/users_eventbus_mock.go:28.71,32.2 3 1
github.com/rafaelcoelhox/labbend/internal/mocks/users_eventbus_mock.go:35.69,37.2 1 1
github.com/rafaelcoelhox/labbend/internal/mocks/users_eventbus_mock.go:40.58,43.2 2 1
github.com/rafaelcoelhox/labbend/internal/mocks/users_eventbus_mock.go:46.81,49.2 2 1
github.com/rafaelcoelhox/labbend/internal/mocks/users_eventbus_mock.go:52.107,57.2 4 0
github.com/rafaelcoelhox/labbend/internal/mocks/users_eventbus_mock.go:60.99,63.2 2 0
github.com/rafaelcoelhox/labbend/internal/mocks/users_repository_mock.go:28.75,32.2 3 1
github.com/rafaelcoelhox/labbend/internal/mocks/users_repository_mock.go:35.73,37.2 1 1
github.com/rafaelcoelhox/labbend/internal/mocks/users_repository_mock.go:40.84,45.2 4 0
github.com/rafaelcoelhox/labbend/internal/mocks/users_repository_mock.go:48.88,51.2 2 0
github.com/rafaelcoelhox/labbend/internal/mocks/users_repository_mock.go:54.92,59.2 4 0
github.com/rafaelcoelhox/labbend/internal/mocks/users_repository_mock.go:62.94,65.2 2 0
github.com/rafaelcoelhox/labbend/internal/mocks/users_repository_mock.go:68.113,73.2 4 0
github.com/rafaelcoelhox/labbend/internal/mocks/users_repository_mock.go:76.106,79.2 2 0
github.com/rafaelcoelhox/labbend/internal/mocks/users_repository_mock.go:82.105,87.2 4 0
github.com/rafaelcoelhox/labbend/internal/mocks/users_repository_mock.go:90.100,93.2 2 0
github.com/rafaelcoelhox/labbend/internal/mocks/users_repository_mock.go:96.77,101.2 4 0
github.com/rafaelcoelhox/labbend/internal/mocks/users_repository_mock.go:104.88,107.2 2 0
github.com/rafaelcoelhox/labbend/internal/mocks/users_repository_mock.go:110.98,115.2 4 0
github.com/rafaelcoelhox/labbend/internal/mocks/users_repository_mock.go:118.100,121.2 2 0
github.com/rafaelcoelhox/labbend/internal/mocks/users_repository_mock.go:124.98,130.2 5 1
github.com/rafaelcoelhox/labbend/internal/mocks/users_repository_mock.go:133.92,136.2 2 1
github.com/rafaelcoelhox/labbend/internal/mocks/users_repository_mock.go:139.93,145.2 5 0
github.com/rafaelcoelhox/labbend/internal/mocks/users_repository_mock.go:148.89,151.2 2 0
github.com/rafaelcoelhox/labbend/internal/mocks/users_repository_mock.go:154.114,160.2 5 0
github.com/rafaelcoelhox/labbend/internal/mocks/users_repository_mock.go:163.101,166.2 2 0
github.com/rafaelcoelhox/labbend/internal/mocks/users_repository_mock.go:169.107,175.2 5 0
github.com/rafaelcoelhox/labbend/internal/mocks/users_repository_mock.go:178.100,181.2 2 0
github.com/rafaelcoelhox/labbend/internal/mocks/users_repository_mock.go:184.92,190.2 5 0
github.com/rafaelcoelhox/labbend/internal/mocks/users_repository_mock.go:193.96,196.2 2 0
github.com/rafaelcoelhox/labbend/internal/mocks/users_repository_mock.go:199.106,205.2 5 0
github.com/rafaelcoelhox/labbend/internal/mocks/users_repository_mock.go:208.98,211.2 2 0
github.com/rafaelcoelhox/labbend/internal/mocks/users_repository_mock.go:214.113,220.2 5 0
github.com/rafaelcoelhox/labbend/internal/mocks/users_repository_mock.go:223.102,226.2 2 0
github.com/rafaelcoelhox/labbend/internal/mocks/users_repository_mock.go:229.97,235.2 5 0
github.com/rafaelcoelhox/labbend/internal/mocks/users_repository_mock.go:238.92,241.2 2 0
github.com/rafaelcoelhox/labbend/internal/mocks/users_repository_mock.go:244.133,249.2 4 0
github.com/rafaelcoelhox/labbend/internal/mocks/users_repository_mock.go:252.124,255.2 2 0
github.com/rafaelcoelhox/labbend/internal/mocks/users_repository_mock.go:258.84,263.2 4 0
github.com/rafaelcoelhox/labbend/internal/mocks/users_repository_mock.go:266.88,269.2 2 0
github.com/rafaelcoelhox/labbend/internal/mocks/users_repository_mock.go:272.105,277.2 4 0
github.com/rafaelcoelhox/labbend/internal/mocks/users_repository_mock.go:280.100,283.2 2 0
github.com/rafaelcoelhox/labbend/internal/mocks/users_service_mock.go:28.69,32.2 3 1
github.com/rafaelcoelhox/labbend/internal/mocks/users_service_mock.go:35.67,37.2 1 1
github.com/rafaelcoelhox/labbend/internal/mocks/users_service_mock.go:40.110,46.2 5 1
github.com/rafaelcoelhox/labbend/internal/mocks/users_service_mock.go:49.89,52.2 2 1
github.com/rafaelcoelhox/labbend/internal/mocks/users_service_mock.go:55.78,60.2 4 0
github.com/rafaelcoelhox/labbend/internal/mocks/users_service_mock.go:63.89,66.2 2 0
github.com/rafaelcoelhox/labbend/internal/mocks/users_service_mock.go:69.90,75.2 5 0
github.com/rafaelcoelhox/labbend/internal/mocks/users_service_mock.go:78.86,81.2 2 0
github.com/rafaelcoelhox/labbend/internal/mocks/users_service_mock.go:84.89,90.2 5 0
github.com/rafaelcoelhox/labbend/internal/mocks/users_service_mock.go:93.93,96.2 2 0
github.com/rafaelcoelhox/labbend/internal/mocks/users_service_mock.go:99.102,105.2 5 0
github.com/rafaelcoelhox/labbend/internal/mocks/users_service_mock.go:108.92,111.2 2 0
github.com/rafaelcoelhox/labbend/internal/mocks/users_service_mock.go:114.103,120.2 5 0
github.com/rafaelcoelhox/labbend/internal/mocks/users_service_mock.go:123.95,126.2 2 0
github.com/rafaelcoelhox/labbend/internal/mocks/users_service_mock.go:129.107,134.2 4 0
github.com/rafaelcoelhox/labbend/internal/mocks/users_service_mock.go:137.107,140.2 2 0
github.com/rafaelcoelhox/labbend/internal/mocks/users_service_mock.go:143.128,148.2 4 0
github.com/rafaelcoelhox/labbend/internal/mocks/users_service_mock.go:151.119,154.2 2 0
github.com/rafaelcoelhox/labbend/internal/mocks/users_service_mock.go:157.99,163.2 5 0
github.com/rafaelcoelhox/labbend/internal/mocks/users_service_mock.go:166.94,169.2 2 0
github.com/rafaelcoelhox/labbend/internal/mocks/users_service_mock.go:172.111,178.2 5 0
github.com/rafaelcoelhox/labbend/internal/mocks/users_service_mock.go:181.100,184.2 2 0
github.com/rafaelcoelhox/labbend/internal/mocks/users_service_mock.go:187.109,192.2 4 0
github.com/rafaelcoelhox/labbend/internal/mocks/users_service_mock.go:195.109,198.2 2 0
github.com/rafaelcoelhox/labbend/internal/mocks/users_service_mock.go:201.130,206.2 4 0
github.com/rafaelcoelhox/labbend/internal/mocks/users_service_mock.go:209.121,212.2 2 0
github.com/rafaelcoelhox/labbend/internal/mocks/users_service_mock.go:215.121,221.2 5 0
github.com/rafaelcoelhox/labbend/internal/mocks/users_service_mock.go:224.95,227.2 2 0
github.com/rafaelcoelhox/labbend/internal/users/model.go:44.32,46.2 1 0
github.com/rafaelcoelhox/labbend/internal/users/model.go:48.34,50.2 1 0
github.com/rafaelcoelhox/labbend/internal/users/model.go:52.33,53.18 1 0
github.com/rafaelcoelhox/labbend/internal/users/model.go:53.18,55.3 1 0
github.com/rafaelcoelhox/labbend/internal/users/model.go:56.2,56.19 1 0
github.com/rafaelcoelhox/labbend/internal/users/model.go:56.19,58.3 1 0
github.com/rafaelcoelhox/labbend/internal/users/model.go:59.2,59.12 1 0
github.com/rafaelcoelhox/labbend/internal/users/model.go:62.78,70.2 1 0
github.com/rafaelcoelhox/labbend/internal/users/repository.go:39.44,41.2 1 0
github.com/rafaelcoelhox/labbend/internal/users/repository.go:45.68,49.65 3 0
github.com/rafaelcoelhox/labbend/internal/users/repository.go:49.65,50.44 1 0
github.com/rafaelcoelhox/labbend/internal/users/repository.go:50.44,52.4 1 0
github.com/rafaelcoelhox/labbend/internal/users/repository.go:53.3,53.30 1 0
github.com/rafaelcoelhox/labbend/internal/users/repository.go:55.2,55.12 1 0
github.com/rafaelcoelhox/labbend/internal/users/repository.go:58.75,64.16 5 0
github.com/rafaelcoelhox/labbend/internal/users/repository.go:64.16,65.45 1 0
github.com/rafaelcoelhox/labbend/internal/users/repository.go:65.45,67.4 1 0
github.com/rafaelcoelhox/labbend/internal/users/repository.go:68.3,68.35 1 0
github.com/rafaelcoelhox/labbend/internal/users/repository.go:70.2,70.19 1 0
github.com/rafaelcoelhox/labbend/internal/users/repository.go:73.83,79.16 5 0
github.com/rafaelcoelhox/labbend/internal/users/repository.go:79.16,80.45 1 0
github.com/rafaelcoelhox/labbend/internal/users/repository.go:80.45,82.4 1 0
github.com/rafaelcoelhox/labbend/internal/users/repository.go:83.3,83.35 1 0
github.com/rafaelcoelhox/labbend/internal/users/repository.go:85.2,85.19 1 0
github.com/rafaelcoelhox/labbend/internal/users/repository.go:88.68,93.16 4 0
github.com/rafaelcoelhox/labbend/internal/users/repository.go:93.16,95.3 1 0
github.com/rafaelcoelhox/labbend/internal/users/repository.go:96.2,96.12 1 0
github.com/rafaelcoelhox/labbend/internal/users/repository.go:99.65,104.16 4 0
github.com/rafaelcoelhox/labbend/internal/users/repository.go:104.16,106.3 1 0
github.com/rafaelcoelhox/labbend/internal/users/repository.go:107.2,107.12 1 0
github.com/rafaelcoelhox/labbend/internal/users/repository.go:110.84,120.16 5 0
github.com/rafaelcoelhox/labbend/internal/users/repository.go:120.16,122.3 1 0
github.com/rafaelcoelhox/labbend/internal/users/repository.go:123.2,123.19 1 0
github.com/rafaelcoelhox/labbend/internal/users/repository.go:127.100,147.16 5 0
github.com/rafaelcoelhox/labbend/internal/users/repository.go:147.16,149.3 1 0
github.com/rafaelcoelhox/labbend/internal/users/repository.go:151.2,152.33 2 0
github.com/rafaelcoelhox/labbend/internal/users/repository.go:152.33,157.3 1 0
github.com/rafaelcoelhox/labbend/internal/users/repository.go:159.2,159.25 1 0
github.com/rafaelcoelhox/labbend/internal/users/repository.go:164.78,168.67 3 0
github.com/rafaelcoelhox/labbend/internal/users/repository.go:168.67,170.3 1 0
github.com/rafaelcoelhox/labbend/internal/users/repository.go:171.2,171.12 1 0
github.com/rafaelcoelhox/labbend/internal/users/repository.go:174.84,185.16 5 0
github.com/rafaelcoelhox/labbend/internal/users/repository.go:185.16,187.3 1 0
github.com/rafaelcoelhox/labbend/internal/users/repository.go:188.2,188.24 1 0
github.com/rafaelcoelhox/labbend/internal/users/repository.go:191.92,201.16 5 0
github.com/rafaelcoelhox/labbend/internal/users/repository.go:201.16,203.3 1 0
github.com/rafaelcoelhox/labbend/internal/users/repository.go:204.2,204.23 1 0
github.com/rafaelcoelhox/labbend/internal/users/repository.go:208.100,212.23 3 0
github.com/rafaelcoelhox/labbend/internal/users/repository.go:212.23,214.3 1 0
github.com/rafaelcoelhox/labbend/internal/users/repository.go:216.2,228.16 3 0
github.com/rafaelcoelhox/labbend/internal/users/repository.go:228.16,230.3 1 0
github.com/rafaelcoelhox/labbend/internal/users/repository.go:232.2,233.33 2 0
github.com/rafaelcoelhox/labbend/internal/users/repository.go:233.33,235.3 1 0
github.com/rafaelcoelhox/labbend/internal/users/repository.go:238.2,238.33 1 0
github.com/rafaelcoelhox/labbend/internal/users/repository.go:238.33,239.42 1 0
github.com/rafaelcoelhox/labbend/internal/users/repository.go:239.42,241.4 1 0
github.com/rafaelcoelhox/labbend/internal/users/repository.go:244.2,244.19 1 0
github.com/rafaelcoelhox/labbend/internal/users/repository.go:248.87,252.63 3 0
github.com/rafaelcoelhox/labbend/internal/users/repository.go:252.63,253.44 1 0
github.com/rafaelcoelhox/labbend/internal/users/repository.go:253.44,255.4 1 0
github.com/rafaelcoelhox/labbend/internal/users/repository.go:256.3,256.30 1 0
github.com/rafaelcoelhox/labbend/internal/users/repository.go:258.2,258.12 1 0
github.com/rafaelcoelhox/labbend/internal/users/repository.go:261.97,265.65 3 0
github.com/rafaelcoelhox/labbend/internal/users/repository.go:265.65,267.3 1 0
github.com/rafaelcoelhox/labbend/internal/users/repository.go:268.2,268.12 1 0
github.com/rafaelcoelhox/labbend/internal/users/repository.go:271.94,277.16 5 0
github.com/rafaelcoelhox/labbend/internal/users/repository.go:277.16,278.45 1 0
github.com/rafaelcoelhox/labbend/internal/users/repository.go:278.45,280.4 1 0
github.com/rafaelcoelhox/labbend/internal/users/repository.go:281.3,281.35 1 0
github.com/rafaelcoelhox/labbend/internal/users/repository.go:283.2,283.19 1 0
github.com/rafaelcoelhox/labbend/internal/users/repository.go:286.87,290.61 3 0
github.com/rafaelcoelhox/labbend/internal/users/repository.go:290.61,292.3 1 0
github.com/rafaelcoelhox/labbend/internal/users/repository.go:293.2,293.12 1 0
github.com/rafaelcoelhox/labbend/internal/users/repository.go:296.84,300.70 3 0
github.com/rafaelcoelhox/labbend/internal/users/repository.go:300.70,302.3 1 0
github.com/rafaelcoelhox/labbend/internal/users/repository.go:303.2,303.12 1 0
github.com/rafaelcoelhox/labbend/internal/users/repository.go:306.135,319.65 4 0
github.com/rafaelcoelhox/labbend/internal/users/repository.go:319.65,321.3 1 0
github.com/rafaelcoelhox/labbend/internal/users/repository.go:323.2,323.12 1 0
github.com/rafaelcoelhox/labbend/internal/users/resolver.go:24.67,29.2 1 0
github.com/rafaelcoelhox/labbend/internal/users/resolver.go:33.79,35.16 2 0
github.com/rafaelcoelhox/labbend/internal/users/resolver.go:35.16,37.3 1 0
github.com/rafaelcoelhox/labbend/internal/users/resolver.go:39.2,40.16 2 0
github.com/rafaelcoelhox/labbend/internal/users/resolver.go:40.16,42.3 1 0
github.com/rafaelcoelhox/labbend/internal/users/resolver.go:44.2,51.8 1 0
github.com/rafaelcoelhox/labbend/internal/users/resolver.go:55.96,59.18 3 0
github.com/rafaelcoelhox/labbend/internal/users/resolver.go:59.18,61.3 1 0
github.com/rafaelcoelhox/labbend/internal/users/resolver.go:62.2,62.19 1 0
github.com/rafaelcoelhox/labbend/internal/users/resolver.go:62.19,64.3 1 0
github.com/rafaelcoelhox/labbend/internal/users/resolver.go:67.2,68.16 2 0
github.com/rafaelcoelhox/labbend/internal/users/resolver.go:68.16,70.3 1 0
github.com/rafaelcoelhox/labbend/internal/users/resolver.go:72.2,73.41 2 0
github.com/rafaelcoelhox/labbend/internal/users/resolver.go:73.41,82.3 1 0
github.com/rafaelcoelhox/labbend/internal/users/resolver.go:84.2,84.26 1 0
github.com/rafaelcoelhox/labbend/internal/users/resolver.go:87.89,89.16 2 0
github.com/rafaelcoelhox/labbend/internal/users/resolver.go:89.16,91.3 1 0
github.com/rafaelcoelhox/labbend/internal/users/resolver.go:93.2,93.50 1 0
github.com/rafaelcoelhox/labbend/internal/users/resolver.go:98.97,100.16 2 0
github.com/rafaelcoelhox/labbend/internal/users/resolver.go:100.16,102.3 1 0
github.com/rafaelcoelhox/labbend/internal/users/resolver.go:104.2,111.8 1 0
github.com/rafaelcoelhox/labbend/internal/users/resolver.go:114.108,116.16 2 0
github.com/rafaelcoelhox/labbend/internal/users/resolver.go:116.16,118.3 1 0
github.com/rafaelcoelhox/labbend/internal/users/resolver.go:120.2,121.16 2 0
github.com/rafaelcoelhox/labbend/internal/users/resolver.go:121.16,123.3 1 0
github.com/rafaelcoelhox/labbend/internal/users/resolver.go:126.2,127.16 2 0
github.com/rafaelcoelhox/labbend/internal/users/resolver.go:127.16,129.3 1 0
github.com/rafaelcoelhox/labbend/internal/users/resolver.go:131.2,138.8 1 0
github.com/rafaelcoelhox/labbend/internal/users/resolver.go:141.77,143.16 2 0
github.com/rafaelcoelhox/labbend/internal/users/resolver.go:143.16,145.3 1 0
github.com/rafaelcoelhox/labbend/internal/users/resolver.go:147.2,148.24 2 0
github.com/rafaelcoelhox/labbend/internal/users/service.go:51.114,58.2 1 1
github.com/rafaelcoelhox/labbend/internal/users/service.go:62.89,63.22 1 0
github.com/rafaelcoelhox/labbend/internal/users/service.go:63.22,65.3 1 0
github.com/rafaelcoelhox/labbend/internal/users/service.go:66.2,66.23 1 0
github.com/rafaelcoelhox/labbend/internal/users/service.go:66.23,68.3 1 0
github.com/rafaelcoelhox/labbend/internal/users/service.go:70.2,71.16 2 0
github.com/rafaelcoelhox/labbend/internal/users/service.go:71.16,73.3 1 0
github.com/rafaelcoelhox/labbend/internal/users/service.go:74.2,74.41 1 0
github.com/rafaelcoelhox/labbend/internal/users/service.go:74.41,76.3 1 0
github.com/rafaelcoelhox/labbend/internal/users/service.go:78.2,83.40 2 0
github.com/rafaelcoelhox/labbend/internal/users/service.go:83.40,85.3 1 0
github.com/rafaelcoelhox/labbend/internal/users/service.go:87.2,87.49 1 0
github.com/rafaelcoelhox/labbend/internal/users/service.go:87.49,90.3 2 0
github.com/rafaelcoelhox/labbend/internal/users/service.go:92.2,103.18 3 0
github.com/rafaelcoelhox/labbend/internal/users/service.go:106.72,108.16 2 1
github.com/rafaelcoelhox/labbend/internal/users/service.go:108.16,111.3 2 0
github.com/rafaelcoelhox/labbend/internal/users/service.go:112.2,112.18 1 1
github.com/rafaelcoelhox/labbend/internal/users/service.go:115.84,117.16 2 0
github.com/rafaelcoelhox/labbend/internal/users/service.go:117.16,119.3 1 0
github.com/rafaelcoelhox/labbend/internal/users/service.go:121.2,122.16 2 0
github.com/rafaelcoelhox/labbend/internal/users/service.go:122.16,124.3 1 0
github.com/rafaelcoelhox/labbend/internal/users/service.go:126.2,129.8 1 0
github.com/rafaelcoelhox/labbend/internal/users/service.go:132.98,134.16 2 0
github.com/rafaelcoelhox/labbend/internal/users/service.go:134.16,136.3 1 0
github.com/rafaelcoelhox/labbend/internal/users/service.go:138.2,138.23 1 0
github.com/rafaelcoelhox/labbend/internal/users/service.go:138.23,140.3 1 0
github.com/rafaelcoelhox/labbend/internal/users/service.go:141.2,141.24 1 0
github.com/rafaelcoelhox/labbend/internal/users/service.go:141.24,143.3 1 0
github.com/rafaelcoelhox/labbend/internal/users/service.go:145.2,145.40 1 0
github.com/rafaelcoelhox/labbend/internal/users/service.go:145.40,147.3 1 0
github.com/rafaelcoelhox/labbend/internal/users/service.go:149.2,149.49 1 0
github.com/rafaelcoelhox/labbend/internal/users/service.go:149.49,152.3 2 0
github.com/rafaelcoelhox/labbend/internal/users/service.go:154.2,165.18 3 0
github.com/rafaelcoelhox/labbend/internal/users/service.go:168.66,170.16 2 0
github.com/rafaelcoelhox/labbend/internal/users/service.go:170.16,172.3 1 0
github.com/rafaelcoelhox/labbend/internal/users/service.go:174.2,174.47 1 0
github.com/rafaelcoelhox/labbend/internal/users/service.go:174.47,177.3 2 0
github.com/rafaelcoelhox/labbend/internal/users/service.go:179.2,188.12 3 0
github.com/rafaelcoelhox/labbend/internal/users/service.go:191.86,192.16 1 0
github.com/rafaelcoelhox/labbend/internal/users/service.go:192.16,194.3 1 0
github.com/rafaelcoelhox/labbend/internal/users/service.go:195.2,195.17 1 0
github.com/rafaelcoelhox/labbend/internal/users/service.go:195.17,197.3 1 0
github.com/rafaelcoelhox/labbend/internal/users/service.go:198.2,198.16 1 0
github.com/rafaelcoelhox/labbend/internal/users/service.go:198.16,200.3 1 0
github.com/rafaelcoelhox/labbend/internal/users/service.go:202.2,203.16 2 0
github.com/rafaelcoelhox/labbend/internal/users/service.go:203.16,206.3 2 0
github.com/rafaelcoelhox/labbend/internal/users/service.go:208.2,208.19 1 0
github.com/rafaelcoelhox/labbend/internal/users/service.go:212.98,213.16 1 0
github.com/rafaelcoelhox/labbend/internal/users/service.go:213.16,215.3 1 0
github.com/rafaelcoelhox/labbend/internal/users/service.go:216.2,216.17 1 0
github.com/rafaelcoelhox/labbend/internal/users/service.go:216.17,218.3 1 0
github.com/rafaelcoelhox/labbend/internal/users/service.go:219.2,219.16 1 0
github.com/rafaelcoelhox/labbend/internal/users/service.go:219.16,221.3 1 0
github.com/rafaelcoelhox/labbend/internal/users/service.go:223.2,224.16 2 0
github.com/rafaelcoelhox/labbend/internal/users/service.go:224.16,227.3 2 0
github.com/rafaelcoelhox/labbend/internal/users/service.go:229.2,229.25 1 0
github.com/rafaelcoelhox/labbend/internal/users/service.go:234.111,241.17 2 0
github.com/rafaelcoelhox/labbend/internal/users/service.go:241.17,243.3 1 0
github.com/rafaelcoelhox/labbend/internal/users/service.go:245.2,246.16 2 0
github.com/rafaelcoelhox/labbend/internal/users/service.go:246.16,248.3 1 0
github.com/rafaelcoelhox/labbend/internal/users/service.go:250.2,251.57 2 0
github.com/rafaelcoelhox/labbend/internal/users/service.go:251.57,254.3 2 0
github.com/rafaelcoelhox/labbend/internal/users/service.go:256.2,268.12 3 0
github.com/rafaelcoelhox/labbend/internal/users/service.go:271.81,273.2 1 0
github.com/rafaelcoelhox/labbend/internal/users/service.go:275.89,277.2 1 0
github.com/rafaelcoelhox/labbend/internal/users/service.go:280.130,287.17 2 0
github.com/rafaelcoelhox/labbend/internal/users/service.go:287.17,289.3 1 0
github.com/rafaelcoelhox/labbend/internal/users/service.go:292.2,293.16 2 0
github.com/rafaelcoelhox/labbend/internal/users/service.go:293.16,295.3 1 0
github.com/rafaelcoelhox/labbend/internal/users/service.go:298.2,299.67 2 0
github.com/rafaelcoelhox/labbend/internal/users/service.go:299.67,302.3 2 0
github.com/rafaelcoelhox/labbend/internal/users/service.go:305.2,314.17 1 0
github.com/rafaelcoelhox/labbend/internal/users/service.go:314.17,317.3 2 0
github.com/rafaelcoelhox/labbend/internal/users/service.go:319.2,320.12 2 0
github.com/rafaelcoelhox/labbend/internal/users/service.go:323.113,330.17 2 0
github.com/rafaelcoelhox/labbend/internal/users/service.go:330.17,332.3 1 0
github.com/rafaelcoelhox/labbend/internal/users/service.go:335.2,336.16 2 0
github.com/rafaelcoelhox/labbend/internal/users/service.go:336.16,338.3 1 0
github.com/rafaelcoelhox/labbend/internal/users/service.go:341.2,342.57 2 0
github.com/rafaelcoelhox/labbend/internal/users/service.go:342.57,345.3 2 0
github.com/rafaelcoelhox/labbend/internal/users/service.go:347.2,359.12 3 0
github.com/rafaelcoelhox/labbend/internal/users/service.go:362.132,369.17 2 0
github.com/rafaelcoelhox/labbend/internal/users/service.go:369.17,371.3 1 0
github.com/rafaelcoelhox/labbend/internal/users/service.go:374.2,375.16 2 0
github.com/rafaelcoelhox/labbend/internal/users/service.go:375.16,377.3 1 0
github.com/rafaelcoelhox/labbend/internal/users/service.go:380.2,380.97 1 0
github.com/rafaelcoelhox/labbend/internal/users/service.go:380.97,383.3 2 0
github.com/rafaelcoelhox/labbend/internal/users/service.go:386.2,395.17 1 0
github.com/rafaelcoelhox/labbend/internal/users/service.go:395.17,398.3 2 0
github.com/rafaelcoelhox/labbend/internal/users/service.go:400.2,401.12 2 0
